2024-11-02 16:33:06 Loading main app package /usr/lib/obsidian/obsidian.asar
2024-11-02 16:33:06 Checking for update using Github
2024-11-02 16:33:06 Success.
2024-11-02 16:33:06 Latest version is 1.7.4
2024-11-02 16:33:06 App is up to date.
2024-11-02 16:33:45 Loading main app package /usr/lib/obsidian/obsidian.asar
2024-11-02 16:33:45 Checking for update using Github
2024-11-02 16:33:45 Success.
2024-11-02 16:33:45 Latest version is 1.7.4
2024-11-02 16:33:45 App is up to date.
2024-11-02 17:33:45 Checking for update using Github
2024-11-02 17:33:45 Success.
2024-11-02 17:33:45 Latest version is 1.7.4
2024-11-02 17:33:45 App is up to date.
2024-11-02 18:33:45 Checking for update using Github
2024-11-02 18:33:45 Success.
2024-11-02 18:33:45 Latest version is 1.7.4
2024-11-02 18:33:45 App is up to date.
2024-11-02 19:33:45 Checking for update using Github
2024-11-02 19:33:45 Success.
2024-11-02 19:33:45 Latest version is 1.7.4
2024-11-02 19:33:45 App is up to date.
2024-11-02 20:33:45 Checking for update using Github
2024-11-02 20:33:45 Success.
2024-11-02 20:33:45 Latest version is 1.7.4
2024-11-02 20:33:45 App is up to date.
2024-11-02 21:33:45 Checking for update using Github
2024-11-02 21:33:45 Success.
2024-11-02 21:33:45 Latest version is 1.7.4
2024-11-02 21:33:45 App is up to date.
2024-11-02 22:12:03 Loading main app package /usr/lib/obsidian/obsidian.asar
2024-11-02 22:12:03 Checking for update using Github
2024-11-02 22:12:03 Success.
2024-11-02 22:12:03 Latest version is 1.7.4
2024-11-02 22:12:03 App is up to date.
2024-11-02 22:12:18 Loading main app package /usr/lib/obsidian/obsidian.asar
2024-11-02 22:12:18 Checking for update using Github
2024-11-02 22:12:18 Success.
2024-11-02 22:12:18 Latest version is 1.7.4
2024-11-02 22:12:18 App is up to date.
2024-11-03 02:29:43 Loading main app package /usr/lib/obsidian/obsidian.asar
2024-11-03 02:29:43 Checking for update using Github
2024-11-03 02:29:43 Success.
2024-11-03 02:29:43 Latest version is 1.7.4
2024-11-03 02:29:43 App is up to date.
2024-11-03 02:47:20 Loading main app package /usr/lib/obsidian/obsidian.asar
2024-11-03 02:47:21 Checking for update using Github
2024-11-03 02:47:21 Success.
2024-11-03 02:47:21 Latest version is 1.7.4
2024-11-03 02:47:21 App is up to date.
2024-11-03 16:52:13 Loading main app package /usr/lib/obsidian/obsidian.asar
2024-11-03 16:52:13 Checking for update using Github
2024-11-03 16:52:13 Success.
2024-11-03 16:52:13 Latest version is 1.7.4
2024-11-03 16:52:13 App is up to date.
2024-11-03 17:52:13 Checking for update using Github
2024-11-03 17:52:13 Success.
2024-11-03 17:52:13 Latest version is 1.7.4
2024-11-03 17:52:13 App is up to date.
2024-11-04 00:38:34 Checking for update using Github
2024-11-04 00:38:34 Success.
2024-11-04 00:38:34 Latest version is 1.7.4
2024-11-04 00:38:34 App is up to date.
2024-11-04 22:25:40 Loading main app package /usr/lib/obsidian/obsidian.asar
2024-11-04 22:25:40 Checking for update using Github
2024-11-04 22:25:40 Success.
2024-11-04 22:25:40 Latest version is 1.7.5
2024-11-04 22:25:40 Downloading update from https://github.com/obsidianmd/obsidian-releases/releases/download/v1.7.5/obsidian-1.7.5.asar.gz
2024-11-04 22:25:45 Verifying hash & signature. Size= 8056498
2024-11-04 22:25:45 Saving file
2024-11-04 22:25:45 Update complete.
2024-11-06 00:31:51 Loading main app package /usr/lib/obsidian/obsidian.asar
2024-11-06 00:31:51 Checking for update using Github
2024-11-06 00:31:52 Success.
2024-11-06 00:31:52 Latest version is 1.7.5
2024-11-06 00:31:52 App is up to date.
2024-11-06 00:33:29 Loading main app package /usr/lib/obsidian/obsidian.asar
2024-11-06 00:33:29 Checking for update using Github
2024-11-06 00:33:29 Success.
2024-11-06 00:33:29 Latest version is 1.7.5
2024-11-06 00:33:29 App is up to date.
2024-11-06 00:34:20 Loading main app package /usr/lib/obsidian/obsidian.asar
2024-11-06 00:34:21 Checking for update using Github
2024-11-06 00:34:21 Success.
2024-11-06 00:34:21 Latest version is 1.7.5
2024-11-06 00:34:21 App is up to date.
2024-11-06 00:35:03 Loading main app package /usr/lib/obsidian/obsidian.asar
2024-11-06 00:35:03 Checking for update using Github
2024-11-06 00:35:03 Success.
2024-11-06 00:35:03 Latest version is 1.7.5
2024-11-06 00:35:03 App is up to date.
2024-11-06 00:47:21 Loading main app package /usr/lib/obsidian/obsidian.asar
2024-11-06 00:47:21 Checking for update using Github
2024-11-06 00:47:21 Success.
2024-11-06 00:47:21 Latest version is 1.7.5
2024-11-06 00:47:21 App is up to date.
2024-11-06 00:49:40 Loading main app package /usr/lib/obsidian/obsidian.asar
2024-11-06 00:49:40 Checking for update using Github
2024-11-06 00:49:40 Success.
2024-11-06 00:49:40 Latest version is 1.7.5
2024-11-06 00:49:40 App is up to date.
2024-11-06 00:50:56 Loading main app package /usr/lib/obsidian/obsidian.asar
2024-11-06 00:50:56 Checking for update using Github
2024-11-06 00:50:56 Success.
2024-11-06 00:50:56 Latest version is 1.7.5
2024-11-06 00:50:56 App is up to date.
2024-11-06 01:02:54 Loading main app package /usr/lib/obsidian/obsidian.asar
2024-11-06 01:02:55 Checking for update using Github
2024-11-06 01:02:55 Success.
2024-11-06 01:02:55 Latest version is 1.7.5
2024-11-06 01:02:55 App is up to date.
2024-11-06 08:18:30 Loading main app package /usr/lib/obsidian/obsidian.asar
2024-11-06 08:18:30 Checking for update using Github
2024-11-06 08:18:30 Success.
2024-11-06 08:18:30 Latest version is 1.7.5
2024-11-06 08:18:30 App is up to date.
2024-11-06 08:30:26 Loading main app package /usr/lib/obsidian/obsidian.asar
2024-11-06 08:30:26 Checking for update using Github
2024-11-06 08:30:26 Success.
2024-11-06 08:30:26 Latest version is 1.7.5
2024-11-06 08:30:26 App is up to date.
2024-11-06 18:24:00 Loading main app package /usr/lib/obsidian/obsidian.asar
2024-11-06 18:24:00 Checking for update using Github
2024-11-06 18:24:01 Success.
2024-11-06 18:24:01 Latest version is 1.7.5
2024-11-06 18:24:01 App is up to date.
2024-11-06 19:24:00 Checking for update using Github
2024-11-06 19:24:01 Success.
2024-11-06 19:24:01 Latest version is 1.7.5
2024-11-06 19:24:01 App is up to date.
2024-11-06 20:24:00 Checking for update using Github
2024-11-06 20:24:00 Success.
2024-11-06 20:24:00 Latest version is 1.7.5
2024-11-06 20:24:00 App is up to date.
2024-11-06 21:24:00 Checking for update using Github
2024-11-06 21:24:00 Success.
2024-11-06 21:24:00 Latest version is 1.7.5
2024-11-06 21:24:00 App is up to date.
2024-11-06 22:04:24 Loading main app package /usr/lib/obsidian/obsidian.asar
2024-11-06 22:04:24 Checking for update using Github
2024-11-06 22:04:25 Success.
2024-11-06 22:04:25 Latest version is 1.7.5
2024-11-06 22:04:25 App is up to date.
2024-11-06 23:04:24 Checking for update using Github
2024-11-06 23:04:25 Success.
2024-11-06 23:04:25 Latest version is 1.7.5
2024-11-06 23:04:25 App is up to date.
2024-11-07 00:04:25 Checking for update using Github
2024-11-07 00:04:25 Success.
2024-11-07 00:04:25 Latest version is 1.7.5
2024-11-07 00:04:25 App is up to date.
2024-11-07 01:04:25 Checking for update using Github
2024-11-07 01:04:25 Success.
2024-11-07 01:04:25 Latest version is 1.7.5
2024-11-07 01:04:25 App is up to date.
2024-11-07 17:34:12 Checking for update using Github
2024-11-07 17:34:12 Success.
2024-11-07 17:34:12 Latest version is 1.7.5
2024-11-07 17:34:12 App is up to date.
2024-11-10 21:46:22 Loading main app package /usr/lib/obsidian/obsidian.asar
2024-11-10 21:46:22 Checking for update using Github
2024-11-10 21:46:22 Success.
2024-11-10 21:46:22 Latest version is 1.7.5
2024-11-10 21:46:22 App is up to date.
2024-11-10 22:46:22 Checking for update using Github
2024-11-10 22:46:23 Success.
2024-11-10 22:46:23 Latest version is 1.7.5
2024-11-10 22:46:23 App is up to date.
2024-11-10 23:10:08 Loading main app package /usr/lib/obsidian/obsidian.asar
2024-11-10 23:10:08 Checking for update using Github
2024-11-10 23:10:09 Success.
2024-11-10 23:10:09 Latest version is 1.7.5
2024-11-10 23:10:09 App is up to date.
2024-11-14 01:29:54 Loading main app package /usr/lib/obsidian/obsidian.asar
2024-11-14 01:29:54 Checking for update using Github
2024-11-14 01:29:54 Success.
2024-11-14 01:29:54 Latest version is 1.7.6
2024-11-14 01:29:54 Downloading update from https://github.com/obsidianmd/obsidian-releases/releases/download/v1.7.6/obsidian-1.7.6.asar.gz
2024-11-14 01:29:55 Verifying hash & signature. Size= 8000010
2024-11-14 01:29:55 Saving file
2024-11-14 01:29:55 Update complete.
2024-11-18 00:23:09 Loading updated app package /home/sohighman/.config/obsidian/obsidian-1.7.6.asar
2024-11-18 00:23:09 Checking for update using Github
2024-11-18 00:23:09 Success.
2024-11-18 00:23:09 Latest version is 1.7.6
2024-11-18 00:23:09 App is up to date.
2024-11-18 01:23:10 Checking for update using Github
2024-11-18 01:23:10 Success.
2024-11-18 01:23:10 Latest version is 1.7.6
2024-11-18 01:23:10 App is up to date.
2024-11-18 02:23:10 Checking for update using Github
2024-11-18 02:23:10 Success.
2024-11-18 02:23:10 Latest version is 1.7.6
2024-11-18 02:23:10 App is up to date.
2024-11-18 03:23:10 Checking for update using Github
2024-11-18 03:23:10 Success.
2024-11-18 03:23:10 Latest version is 1.7.6
2024-11-18 03:23:10 App is up to date.
2024-11-18 04:23:10 Checking for update using Github
2024-11-18 04:23:10 Success.
2024-11-18 04:23:10 Latest version is 1.7.6
2024-11-18 04:23:10 App is up to date.
2024-11-18 05:23:10 Checking for update using Github
2024-11-18 05:23:10 Success.
2024-11-18 05:23:10 Latest version is 1.7.6
2024-11-18 05:23:10 App is up to date.
2024-11-19 06:35:01 Loading updated app package /home/sohighman/.config/obsidian/obsidian-1.7.6.asar
2024-11-19 06:35:01 Checking for update using Github
2024-11-19 06:35:02 Success.
2024-11-19 06:35:02 Latest version is 1.7.7
2024-11-19 06:35:02 Downloading update from https://github.com/obsidianmd/obsidian-releases/releases/download/v1.7.7/obsidian-1.7.7.asar.gz
2024-11-19 06:35:11 Verifying hash & signature. Size= 8000009
2024-11-19 06:35:11 Saving file
2024-11-19 06:35:12 Update complete.
2024-11-19 07:35:02 Checking for update using Github
2024-11-19 07:35:02 Success.
2024-11-19 07:35:02 Latest version is 1.7.7
2024-11-19 07:35:02 An update is already downloaded.
2024-11-19 08:35:02 Checking for update using Github
2024-11-19 08:35:02 Success.
2024-11-19 08:35:02 Latest version is 1.7.7
2024-11-19 08:35:02 An update is already downloaded.
2024-11-19 09:35:02 Checking for update using Github
2024-11-19 09:35:02 Success.
2024-11-19 09:35:02 Latest version is 1.7.7
2024-11-19 09:35:02 An update is already downloaded.
2024-11-19 10:35:02 Checking for update using Github
2024-11-19 10:35:02 Success.
2024-11-19 10:35:02 Latest version is 1.7.7
2024-11-19 10:35:02 An update is already downloaded.
2024-11-19 18:08:10 Loading updated app package /home/sohighman/.config/obsidian/obsidian-1.7.7.asar
2024-11-19 18:08:11 Checking for update using Github
2024-11-19 18:08:11 Success.
2024-11-19 18:08:11 Latest version is 1.7.7
2024-11-19 18:08:11 App is up to date.
2024-11-22 19:46:32 Loading updated app package /home/sohighman/.config/obsidian/obsidian-1.7.7.asar
2024-11-22 19:46:33 Checking for update using Github
2024-11-22 19:46:33 Success.
2024-11-22 19:46:33 Latest version is 1.7.7
2024-11-22 19:46:33 App is up to date.
2024-11-27 04:38:54 Loading main app package /usr/lib/obsidian/obsidian.asar
2024-11-27 04:38:54 Checking for update using Github
2024-11-27 04:38:59 Success.
2024-11-27 04:38:59 Latest version is 1.7.7
2024-11-27 04:38:59 App is up to date.
2024-11-27 04:41:30 Loading main app package /usr/lib/obsidian/obsidian.asar
2024-11-27 04:41:30 Checking for update using Github
2024-11-27 04:41:30 Success.
2024-11-27 04:41:30 Latest version is 1.7.7
2024-11-27 04:41:30 App is up to date.
2024-11-27 04:43:13 Loading main app package /usr/lib/obsidian/obsidian.asar
2024-11-27 04:43:14 Checking for update using Github
2024-11-27 04:43:14 Success.
2024-11-27 04:43:14 Latest version is 1.7.7
2024-11-27 04:43:14 App is up to date.
2024-11-27 07:56:30 Loading main app package /usr/lib/obsidian/obsidian.asar
2024-11-27 07:56:31 Checking for update using Github
2024-11-27 07:56:36 Success.
2024-11-27 07:56:36 Latest version is 1.7.7
2024-11-27 07:56:36 App is up to date.
2024-11-28 03:44:03 Loading main app package /usr/lib/obsidian/obsidian.asar
2024-11-28 03:44:04 Checking for update using Github
2024-11-28 03:44:04 Success.
2024-11-28 03:44:04 Latest version is 1.7.7
2024-11-28 03:44:04 App is up to date.
2024-11-28 21:38:51 Loading main app package /usr/lib/obsidian/obsidian.asar
2024-11-28 21:38:51 Checking for update using Github
2024-11-28 21:38:56 Success.
2024-11-28 21:38:56 Latest version is 1.7.7
2024-11-28 21:38:56 App is up to date.
2024-11-29 20:54:43 Loading main app package /usr/lib/obsidian/obsidian.asar
2024-11-29 20:54:43 Checking for update using Github
2024-11-29 20:54:48 Success.
2024-11-29 20:54:48 Latest version is 1.7.7
2024-11-29 20:54:48 App is up to date.
2024-11-29 22:34:01 Checking for update using Github
2024-11-29 22:34:06 Success.
2024-11-29 22:34:06 Latest version is 1.7.7
2024-11-29 22:34:06 App is up to date.
2024-12-01 00:53:14 Loading main app package /usr/lib/obsidian/obsidian.asar
2024-12-01 00:53:14 Checking for update using Github
2024-12-01 00:53:20 Success.
2024-12-01 00:53:20 Latest version is 1.7.7
2024-12-01 00:53:20 App is up to date.
2024-12-08 04:46:06 Loading main app package /usr/lib/obsidian/obsidian.asar
2024-12-08 04:46:06 Checking for update using Github
2024-12-08 04:46:12 Success.
2024-12-08 04:46:12 Latest version is 1.7.7
2024-12-08 04:46:12 App is up to date.
2024-12-08 08:01:45 Loading main app package /usr/lib/obsidian/obsidian.asar
2024-12-08 08:01:45 Checking for update using Github
2024-12-08 08:01:50 Success.
2024-12-08 08:01:50 Latest version is 1.7.7
2024-12-08 08:01:50 App is up to date.
2024-12-09 04:43:05 Loading main app package /usr/lib/obsidian/obsidian.asar
2024-12-09 04:43:05 Checking for update using Github
2024-12-09 04:43:10 Success.
2024-12-09 04:43:10 Latest version is 1.7.7
2024-12-09 04:43:10 App is up to date.
2024-12-09 06:38:33 Loading main app package /usr/lib/obsidian/obsidian.asar
2024-12-09 06:38:33 Checking for update using Github
2024-12-09 06:38:39 Success.
2024-12-09 06:38:39 Latest version is 1.7.7
2024-12-09 06:38:39 App is up to date.
2024-12-11 07:27:21 Loading main app package /usr/lib/obsidian/obsidian.asar
2024-12-11 07:27:21 Checking for update using Github
2024-12-11 07:27:22 Success.
2024-12-11 07:27:22 Latest version is 1.7.7
2024-12-11 07:27:22 App is up to date.
2024-12-11 18:10:08 Loading main app package /usr/lib/obsidian/obsidian.asar
2024-12-11 18:10:08 Checking for update using Github
2024-12-11 18:10:09 Success.
2024-12-11 18:10:09 Latest version is 1.7.7
2024-12-11 18:10:09 App is up to date.
2024-12-12 03:02:31 Loading main app package /usr/lib/obsidian/obsidian.asar
2024-12-12 03:02:31 Checking for update using Github
2024-12-12 03:02:37 Success.
2024-12-12 03:02:37 Latest version is 1.7.7
2024-12-12 03:02:37 App is up to date.
2024-12-12 04:02:31 Checking for update using Github
2024-12-12 04:02:32 Success.
2024-12-12 04:02:32 Latest version is 1.7.7
2024-12-12 04:02:32 App is up to date.
2024-12-12 04:39:20 Loading main app package /usr/lib/obsidian/obsidian.asar
2024-12-12 04:39:20 Checking for update using Github
2024-12-12 04:39:20 Success.
2024-12-12 04:39:20 Latest version is 1.7.7
2024-12-12 04:39:20 App is up to date.
2024-12-12 05:49:33 Loading main app package /usr/lib/obsidian/obsidian.asar
2024-12-12 05:49:33 Checking for update using Github
2024-12-12 05:49:34 Success.
2024-12-12 05:49:34 Latest version is 1.7.7
2024-12-12 05:49:34 App is up to date.
2024-12-12 06:49:33 Checking for update using Github
2024-12-12 06:49:34 Success.
2024-12-12 06:49:34 Latest version is 1.7.7
2024-12-12 06:49:34 App is up to date.
2024-12-12 15:40:34 Loading main app package /usr/lib/obsidian/obsidian.asar
2024-12-12 15:40:34 Checking for update using Github
2024-12-12 15:40:35 Success.
2024-12-12 15:40:35 Latest version is 1.7.7
2024-12-12 15:40:35 App is up to date.
2024-12-12 16:40:34 Checking for update using Github
2024-12-12 16:41:07 Failed to check for update using Github (net::ERR_TIMED_OUT)
2024-12-12 16:41:07 Checking for update using obsidian.md
2024-12-12 16:41:10 Failed to check for update using obsidian.md (net::ERR_CONNECTION_CLOSED)
2024-12-13 01:47:05 Loading main app package /usr/lib/obsidian/obsidian.asar
2024-12-13 01:47:05 Checking for update using Github
2024-12-13 01:47:25 Failed to check for update using Github (net::ERR_NAME_NOT_RESOLVED)
2024-12-13 01:47:25 Checking for update using obsidian.md
2024-12-13 01:47:45 Failed to check for update using obsidian.md (net::ERR_NAME_NOT_RESOLVED)
2024-12-14 05:23:14 Loading main app package /usr/lib/obsidian/obsidian.asar
2024-12-14 05:23:14 Checking for update using Github
2024-12-14 05:23:14 Failed to check for update using Github (net::ERR_INTERNET_DISCONNECTED)
2024-12-14 05:23:14 Checking for update using obsidian.md
2024-12-14 05:23:14 Failed to check for update using obsidian.md (net::ERR_INTERNET_DISCONNECTED)
2024-12-14 05:35:04 Loading main app package /usr/lib/obsidian/obsidian.asar
2024-12-14 05:35:04 Checking for update using Github
2024-12-14 05:35:24 Failed to check for update using Github (net::ERR_NAME_NOT_RESOLVED)
2024-12-14 05:35:24 Checking for update using obsidian.md
2024-12-14 05:35:40 Failed to check for update using obsidian.md (net::ERR_NAME_NOT_RESOLVED)
2024-12-14 06:35:04 Checking for update using Github
2024-12-14 06:35:19 Failed to check for update using Github (net::ERR_NAME_NOT_RESOLVED)
2024-12-14 06:35:19 Checking for update using obsidian.md
2024-12-14 06:35:24 Failed to check for update using obsidian.md (net::ERR_NAME_NOT_RESOLVED)
2024-12-14 07:35:04 Checking for update using Github
2024-12-14 07:35:05 Success.
2024-12-14 07:35:05 Latest version is 1.7.7
2024-12-14 07:35:05 App is up to date.
2024-12-16 19:43:38 Loading main app package /usr/lib/obsidian/obsidian.asar
2024-12-16 19:43:38 Checking for update using Github
2024-12-16 19:43:39 Success.
2024-12-16 19:43:39 Latest version is 1.7.7
2024-12-16 19:43:39 App is up to date.
2024-12-16 20:43:38 Checking for update using Github
2024-12-16 20:43:39 Success.
2024-12-16 20:43:39 Latest version is 1.7.7
2024-12-16 20:43:39 App is up to date.
2024-12-16 21:43:38 Checking for update using Github
2024-12-16 21:43:53 Failed to check for update using Github (net::ERR_NAME_NOT_RESOLVED)
2024-12-16 21:43:53 Checking for update using obsidian.md
2024-12-16 21:43:58 Failed to check for update using obsidian.md (net::ERR_NAME_NOT_RESOLVED)
2024-12-16 22:43:38 Checking for update using Github
2024-12-16 22:43:53 Failed to check for update using Github (net::ERR_NAME_NOT_RESOLVED)
2024-12-16 22:43:53 Checking for update using obsidian.md
2024-12-16 22:44:03 Failed to check for update using obsidian.md (net::ERR_NAME_NOT_RESOLVED)
2024-12-16 23:43:38 Checking for update using Github
2024-12-16 23:43:54 Failed to check for update using Github (net::ERR_NAME_NOT_RESOLVED)
2024-12-16 23:43:54 Checking for update using obsidian.md
2024-12-16 23:43:58 Failed to check for update using obsidian.md (net::ERR_NAME_NOT_RESOLVED)
2024-12-17 00:43:38 Checking for update using Github
2024-12-17 00:43:53 Failed to check for update using Github (net::ERR_NAME_NOT_RESOLVED)
2024-12-17 00:43:53 Checking for update using obsidian.md
2024-12-17 00:43:58 Failed to check for update using obsidian.md (net::ERR_NAME_NOT_RESOLVED)
2024-12-17 03:57:28 Checking for update using Github
2024-12-17 03:57:48 Failed to check for update using Github (net::ERR_NAME_NOT_RESOLVED)
2024-12-17 03:57:48 Checking for update using obsidian.md
2024-12-17 03:58:08 Failed to check for update using obsidian.md (net::ERR_NAME_NOT_RESOLVED)
2024-12-17 04:57:28 Checking for update using Github
2024-12-17 04:57:29 Success.
2024-12-17 04:57:29 Latest version is 1.7.7
2024-12-17 04:57:29 App is up to date.
2024-12-17 05:57:23 Checking for update using Github
2024-12-17 05:57:24 Success.
2024-12-17 05:57:24 Latest version is 1.7.7
2024-12-17 05:57:24 App is up to date.
2024-12-17 06:57:23 Checking for update using Github
2024-12-17 06:57:24 Success.
2024-12-17 06:57:24 Latest version is 1.7.7
2024-12-17 06:57:24 App is up to date.
2024-12-17 17:46:26 Loading main app package /usr/lib/obsidian/obsidian.asar
2024-12-17 17:46:27 Checking for update using Github
2024-12-17 17:46:27 Success.
2024-12-17 17:46:27 Latest version is 1.7.7
2024-12-17 17:46:27 App is up to date.
2024-12-17 20:43:07 Checking for update using Github
2024-12-17 20:43:41 Loading main app package /usr/lib/obsidian/obsidian.asar
2024-12-17 20:43:42 Checking for update using Github
2024-12-17 20:46:29 Failed to check for update using Github (net::ERR_NETWORK_CHANGED)
2024-12-17 20:46:29 Checking for update using obsidian.md
2024-12-17 20:46:30 Failed to check for update using obsidian.md (net::ERR_INTERNET_DISCONNECTED)
2024-12-17 21:43:06 Checking for update using Github
2024-12-17 21:43:07 Success.
2024-12-17 21:43:07 Latest version is 1.7.7
2024-12-17 21:43:07 App is up to date.
2024-12-18 00:54:34 Loading main app package /usr/lib/obsidian/obsidian.asar
2024-12-18 00:54:35 Checking for update using Github
2024-12-18 00:54:55 Failed to check for update using Github (net::ERR_NAME_NOT_RESOLVED)
2024-12-18 00:54:55 Checking for update using obsidian.md
2024-12-18 00:55:15 Failed to check for update using obsidian.md (net::ERR_NAME_NOT_RESOLVED)
2024-12-18 01:54:34 Checking for update using Github
2024-12-18 01:54:36 Success.
2024-12-18 01:54:36 Latest version is 1.7.7
2024-12-18 01:54:36 App is up to date.
2024-12-18 02:32:46 Loading main app package /usr/lib/obsidian/obsidian.asar
2024-12-18 02:32:46 Checking for update using Github
2024-12-18 02:32:46 Failed to check for update using Github (net::ERR_INTERNET_DISCONNECTED)
2024-12-18 02:32:46 Checking for update using obsidian.md
2024-12-18 02:32:46 Failed to check for update using obsidian.md (net::ERR_INTERNET_DISCONNECTED)
2024-12-18 03:19:01 Loading main app package /usr/lib/obsidian/obsidian.asar
2024-12-18 03:19:02 Checking for update using Github
2024-12-18 03:19:02 Success.
2024-12-18 03:19:02 Latest version is 1.7.7
2024-12-18 03:19:02 App is up to date.
2024-12-18 04:19:00 Checking for update using Github
2024-12-18 04:19:00 Failed to check for update using Github (net::ERR_INTERNET_DISCONNECTED)
2024-12-18 04:19:00 Checking for update using obsidian.md
2024-12-18 04:19:00 Failed to check for update using obsidian.md (net::ERR_INTERNET_DISCONNECTED)
2024-12-18 06:48:15 Loading main app package /usr/lib/obsidian/obsidian.asar
2024-12-18 06:48:16 Checking for update using Github
2024-12-18 06:48:16 Success.
2024-12-18 06:48:16 Latest version is 1.7.7
2024-12-18 06:48:16 App is up to date.
2024-12-18 07:48:16 Checking for update using Github
2024-12-18 07:48:16 Success.
2024-12-18 07:48:16 Latest version is 1.7.7
2024-12-18 07:48:16 App is up to date.
2024-12-18 19:24:47 Loading main app package /usr/lib/obsidian/obsidian.asar
2024-12-18 19:24:47 Checking for update using Github
2024-12-18 19:24:49 Success.
2024-12-18 19:24:49 Latest version is 1.7.7
2024-12-18 19:24:49 App is up to date.
2024-12-18 20:55:04 Loading main app package /usr/lib/obsidian/obsidian.asar
2024-12-18 20:55:04 Checking for update using Github
2024-12-18 20:55:05 Success.
2024-12-18 20:55:05 Latest version is 1.7.7
2024-12-18 20:55:05 App is up to date.
2024-12-18 21:55:06 Checking for update using Github
2024-12-18 21:55:21 Failed to check for update using Github (net::ERR_NAME_NOT_RESOLVED)
2024-12-18 21:55:21 Checking for update using obsidian.md
2024-12-18 21:55:26 Failed to check for update using obsidian.md (net::ERR_NAME_NOT_RESOLVED)
2024-12-18 22:55:04 Checking for update using Github
2024-12-18 22:55:04 Success.
2024-12-18 22:55:04 Latest version is 1.7.7
2024-12-18 22:55:04 App is up to date.
2024-12-20 17:51:44 Loading main app package /usr/lib/obsidian/obsidian.asar
2024-12-20 17:51:45 Checking for update using Github
2024-12-20 17:51:50 Success.
2024-12-20 17:51:50 Latest version is 1.7.7
2024-12-20 17:51:50 App is up to date.
2024-12-20 18:51:44 Checking for update using Github
2024-12-20 18:51:55 Failed to check for update using Github (net::ERR_INTERNET_DISCONNECTED)
2024-12-20 18:51:55 Checking for update using obsidian.md
2024-12-20 18:51:55 Failed to check for update using obsidian.md (net::ERR_INTERNET_DISCONNECTED)
2024-12-20 19:51:44 Checking for update using Github
2024-12-20 19:51:50 Success.
2024-12-20 19:51:50 Latest version is 1.7.7
2024-12-20 19:51:50 App is up to date.
