2024-12-08T04:40:05.729Z [Modules] Modules initializing
2024-12-08T04:40:05.729Z [Modules] Distribution: remote
2024-12-08T04:40:05.729Z [Modules] Host updates: enabled
2024-12-08T04:40:05.729Z [Modules] Module updates: enabled
2024-12-08T04:40:05.729Z [Modules] Module install path: /home/sohighman/.config/discord/0.0.76/modules
2024-12-08T04:40:05.729Z [Modules] Module installed file path: /home/sohighman/.config/discord/0.0.76/modules/installed.json
2024-12-08T04:40:05.729Z [Modules] Module download path: /home/sohighman/.config/discord/0.0.76/modules/pending
2024-12-08T04:40:06.015Z [Modules] Bootstrapping...
2024-12-08T04:40:06.016Z [Modules] Installing discord_desktop_core@0 from /opt/discord/resources/bootstrap/discord_desktop_core.zip
2024-12-08T04:40:06.019Z [Modules] Failed installing discord_desktop_core@0: Error: ENOENT: no such file or directory, open '/opt/discord/resources/bootstrap/discord_desktop_core.zip'
2024-12-08T04:40:06.020Z [Modules] Installing discord_erlpack@0 from /opt/discord/resources/bootstrap/discord_erlpack.zip
2024-12-08T04:40:06.021Z [Modules] Failed installing discord_erlpack@0: Error: ENOENT: no such file or directory, open '/opt/discord/resources/bootstrap/discord_erlpack.zip'
2024-12-08T04:40:06.021Z [Modules] Installing discord_spellcheck@0 from /opt/discord/resources/bootstrap/discord_spellcheck.zip
2024-12-08T04:40:06.022Z [Modules] Failed installing discord_spellcheck@0: Error: ENOENT: no such file or directory, open '/opt/discord/resources/bootstrap/discord_spellcheck.zip'
2024-12-08T04:40:06.022Z [Modules] Installing discord_utils@0 from /opt/discord/resources/bootstrap/discord_utils.zip
2024-12-08T04:40:06.023Z [Modules] Failed installing discord_utils@0: Error: ENOENT: no such file or directory, open '/opt/discord/resources/bootstrap/discord_utils.zip'
2024-12-08T04:40:06.023Z [Modules] Installing discord_voice@0 from /opt/discord/resources/bootstrap/discord_voice.zip
2024-12-08T04:40:06.024Z [Modules] Failed installing discord_voice@0: Error: ENOENT: no such file or directory, open '/opt/discord/resources/bootstrap/discord_voice.zip'
2024-12-08T04:40:06.024Z [Modules] Installing discord_zstd@0 from /opt/discord/resources/bootstrap/discord_zstd.zip
2024-12-08T04:40:06.025Z [Modules] Failed installing discord_zstd@0: Error: ENOENT: no such file or directory, open '/opt/discord/resources/bootstrap/discord_zstd.zip'
2024-12-08T04:40:06.025Z [Modules] Finished module installations. [success: 0] [failure: 6]
2024-12-08T04:40:06.025Z [Modules] Checking for host updates.
2024-12-08T04:40:10.251Z [Modules] Host is up to date.
2024-12-08T04:40:10.251Z [Modules] Checking for module updates at https://discord.com/api/modules/stable/versions.json
2024-12-08T04:40:10.321Z [Modules] Module update available: discord_desktop_core@1 [installed: 0]
2024-12-08T04:40:10.322Z [Modules] Module update available: discord_erlpack@1 [installed: 0]
2024-12-08T04:40:10.322Z [Modules] Module update available: discord_spellcheck@1 [installed: 0]
2024-12-08T04:40:10.322Z [Modules] Module update available: discord_utils@1 [installed: 0]
2024-12-08T04:40:10.322Z [Modules] Module update available: discord_voice@2 [installed: 0]
2024-12-08T04:40:10.322Z [Modules] Module update available: discord_zstd@1 [installed: 0]
2024-12-08T04:40:10.322Z [Modules] Fetching discord_desktop_core@1 from https://discord.com/api/modules/stable/discord_desktop_core/1
2024-12-08T04:40:10.323Z [Modules] Streaming discord_desktop_core@1 to /home/sohighman/.config/discord/0.0.76/modules/pending/discord_desktop_core-1.zip
2024-12-08T04:40:15.646Z [Modules] Streaming discord_desktop_core@1 to /home/sohighman/.config/discord/0.0.76/modules/pending/discord_desktop_core-1.zip: 1%
2024-12-08T04:40:15.650Z [Modules] Streaming discord_desktop_core@1 to /home/sohighman/.config/discord/0.0.76/modules/pending/discord_desktop_core-1.zip: 2%
2024-12-08T04:40:15.675Z [Modules] Streaming discord_desktop_core@1 to /home/sohighman/.config/discord/0.0.76/modules/pending/discord_desktop_core-1.zip: 4%
2024-12-08T04:40:15.678Z [Modules] Streaming discord_desktop_core@1 to /home/sohighman/.config/discord/0.0.76/modules/pending/discord_desktop_core-1.zip: 5%
2024-12-08T04:40:15.696Z [Modules] Streaming discord_desktop_core@1 to /home/sohighman/.config/discord/0.0.76/modules/pending/discord_desktop_core-1.zip: 7%
2024-12-08T04:40:15.712Z [Modules] Streaming discord_desktop_core@1 to /home/sohighman/.config/discord/0.0.76/modules/pending/discord_desktop_core-1.zip: 9%
2024-12-08T04:40:15.716Z [Modules] Streaming discord_desktop_core@1 to /home/sohighman/.config/discord/0.0.76/modules/pending/discord_desktop_core-1.zip: 10%
2024-12-08T04:40:15.719Z [Modules] Streaming discord_desktop_core@1 to /home/sohighman/.config/discord/0.0.76/modules/pending/discord_desktop_core-1.zip: 11%
2024-12-08T04:40:15.731Z [Modules] Streaming discord_desktop_core@1 to /home/sohighman/.config/discord/0.0.76/modules/pending/discord_desktop_core-1.zip: 12%
2024-12-08T04:40:15.740Z [Modules] Streaming discord_desktop_core@1 to /home/sohighman/.config/discord/0.0.76/modules/pending/discord_desktop_core-1.zip: 14%
2024-12-08T04:40:15.743Z [Modules] Streaming discord_desktop_core@1 to /home/sohighman/.config/discord/0.0.76/modules/pending/discord_desktop_core-1.zip: 15%
2024-12-08T04:40:15.747Z [Modules] Streaming discord_desktop_core@1 to /home/sohighman/.config/discord/0.0.76/modules/pending/discord_desktop_core-1.zip: 16%
2024-12-08T04:40:15.749Z [Modules] Streaming discord_desktop_core@1 to /home/sohighman/.config/discord/0.0.76/modules/pending/discord_desktop_core-1.zip: 17%
2024-12-08T04:40:15.766Z [Modules] Streaming discord_desktop_core@1 to /home/sohighman/.config/discord/0.0.76/modules/pending/discord_desktop_core-1.zip: 18%
2024-12-08T04:40:15.770Z [Modules] Streaming discord_desktop_core@1 to /home/sohighman/.config/discord/0.0.76/modules/pending/discord_desktop_core-1.zip: 20%
2024-12-08T04:40:15.781Z [Modules] Streaming discord_desktop_core@1 to /home/sohighman/.config/discord/0.0.76/modules/pending/discord_desktop_core-1.zip: 22%
2024-12-08T04:40:15.785Z [Modules] Streaming discord_desktop_core@1 to /home/sohighman/.config/discord/0.0.76/modules/pending/discord_desktop_core-1.zip: 23%
2024-12-08T04:40:15.788Z [Modules] Streaming discord_desktop_core@1 to /home/sohighman/.config/discord/0.0.76/modules/pending/discord_desktop_core-1.zip: 24%
2024-12-08T04:40:15.792Z [Modules] Streaming discord_desktop_core@1 to /home/sohighman/.config/discord/0.0.76/modules/pending/discord_desktop_core-1.zip: 25%
2024-12-08T04:40:15.796Z [Modules] Streaming discord_desktop_core@1 to /home/sohighman/.config/discord/0.0.76/modules/pending/discord_desktop_core-1.zip: 26%
2024-12-08T04:40:15.799Z [Modules] Streaming discord_desktop_core@1 to /home/sohighman/.config/discord/0.0.76/modules/pending/discord_desktop_core-1.zip: 28%
2024-12-08T04:40:15.811Z [Modules] Streaming discord_desktop_core@1 to /home/sohighman/.config/discord/0.0.76/modules/pending/discord_desktop_core-1.zip: 30%
2024-12-08T04:40:15.817Z [Modules] Streaming discord_desktop_core@1 to /home/sohighman/.config/discord/0.0.76/modules/pending/discord_desktop_core-1.zip: 31%
2024-12-08T04:40:15.821Z [Modules] Streaming discord_desktop_core@1 to /home/sohighman/.config/discord/0.0.76/modules/pending/discord_desktop_core-1.zip: 33%
2024-12-08T04:40:15.825Z [Modules] Streaming discord_desktop_core@1 to /home/sohighman/.config/discord/0.0.76/modules/pending/discord_desktop_core-1.zip: 34%
2024-12-08T04:40:15.828Z [Modules] Streaming discord_desktop_core@1 to /home/sohighman/.config/discord/0.0.76/modules/pending/discord_desktop_core-1.zip: 35%
2024-12-08T04:40:15.832Z [Modules] Streaming discord_desktop_core@1 to /home/sohighman/.config/discord/0.0.76/modules/pending/discord_desktop_core-1.zip: 36%
2024-12-08T04:40:15.839Z [Modules] Streaming discord_desktop_core@1 to /home/sohighman/.config/discord/0.0.76/modules/pending/discord_desktop_core-1.zip: 37%
2024-12-08T04:40:15.842Z [Modules] Streaming discord_desktop_core@1 to /home/sohighman/.config/discord/0.0.76/modules/pending/discord_desktop_core-1.zip: 38%
2024-12-08T04:40:15.846Z [Modules] Streaming discord_desktop_core@1 to /home/sohighman/.config/discord/0.0.76/modules/pending/discord_desktop_core-1.zip: 39%
2024-12-08T04:40:15.849Z [Modules] Streaming discord_desktop_core@1 to /home/sohighman/.config/discord/0.0.76/modules/pending/discord_desktop_core-1.zip: 40%
2024-12-08T04:40:15.852Z [Modules] Streaming discord_desktop_core@1 to /home/sohighman/.config/discord/0.0.76/modules/pending/discord_desktop_core-1.zip: 41%
2024-12-08T04:40:15.856Z [Modules] Streaming discord_desktop_core@1 to /home/sohighman/.config/discord/0.0.76/modules/pending/discord_desktop_core-1.zip: 43%
2024-12-08T04:40:15.868Z [Modules] Streaming discord_desktop_core@1 to /home/sohighman/.config/discord/0.0.76/modules/pending/discord_desktop_core-1.zip: 44%
2024-12-08T04:40:15.872Z [Modules] Streaming discord_desktop_core@1 to /home/sohighman/.config/discord/0.0.76/modules/pending/discord_desktop_core-1.zip: 46%
2024-12-08T04:40:15.880Z [Modules] Streaming discord_desktop_core@1 to /home/sohighman/.config/discord/0.0.76/modules/pending/discord_desktop_core-1.zip: 48%
2024-12-08T04:40:15.886Z [Modules] Streaming discord_desktop_core@1 to /home/sohighman/.config/discord/0.0.76/modules/pending/discord_desktop_core-1.zip: 50%
2024-12-08T04:40:15.890Z [Modules] Streaming discord_desktop_core@1 to /home/sohighman/.config/discord/0.0.76/modules/pending/discord_desktop_core-1.zip: 51%
2024-12-08T04:40:15.899Z [Modules] Streaming discord_desktop_core@1 to /home/sohighman/.config/discord/0.0.76/modules/pending/discord_desktop_core-1.zip: 52%
2024-12-08T04:40:15.902Z [Modules] Streaming discord_desktop_core@1 to /home/sohighman/.config/discord/0.0.76/modules/pending/discord_desktop_core-1.zip: 53%
2024-12-08T04:40:15.910Z [Modules] Streaming discord_desktop_core@1 to /home/sohighman/.config/discord/0.0.76/modules/pending/discord_desktop_core-1.zip: 54%
2024-12-08T04:40:15.914Z [Modules] Streaming discord_desktop_core@1 to /home/sohighman/.config/discord/0.0.76/modules/pending/discord_desktop_core-1.zip: 56%
2024-12-08T04:40:15.924Z [Modules] Streaming discord_desktop_core@1 to /home/sohighman/.config/discord/0.0.76/modules/pending/discord_desktop_core-1.zip: 57%
2024-12-08T04:40:15.932Z [Modules] Streaming discord_desktop_core@1 to /home/sohighman/.config/discord/0.0.76/modules/pending/discord_desktop_core-1.zip: 58%
2024-12-08T04:40:15.936Z [Modules] Streaming discord_desktop_core@1 to /home/sohighman/.config/discord/0.0.76/modules/pending/discord_desktop_core-1.zip: 60%
2024-12-08T04:40:15.943Z [Modules] Streaming discord_desktop_core@1 to /home/sohighman/.config/discord/0.0.76/modules/pending/discord_desktop_core-1.zip: 61%
2024-12-08T04:40:15.946Z [Modules] Streaming discord_desktop_core@1 to /home/sohighman/.config/discord/0.0.76/modules/pending/discord_desktop_core-1.zip: 62%
2024-12-08T04:40:15.949Z [Modules] Streaming discord_desktop_core@1 to /home/sohighman/.config/discord/0.0.76/modules/pending/discord_desktop_core-1.zip: 63%
2024-12-08T04:40:15.954Z [Modules] Streaming discord_desktop_core@1 to /home/sohighman/.config/discord/0.0.76/modules/pending/discord_desktop_core-1.zip: 64%
2024-12-08T04:40:15.956Z [Modules] Streaming discord_desktop_core@1 to /home/sohighman/.config/discord/0.0.76/modules/pending/discord_desktop_core-1.zip: 65%
2024-12-08T04:40:15.960Z [Modules] Streaming discord_desktop_core@1 to /home/sohighman/.config/discord/0.0.76/modules/pending/discord_desktop_core-1.zip: 66%
2024-12-08T04:40:15.964Z [Modules] Streaming discord_desktop_core@1 to /home/sohighman/.config/discord/0.0.76/modules/pending/discord_desktop_core-1.zip: 67%
2024-12-08T04:40:15.971Z [Modules] Streaming discord_desktop_core@1 to /home/sohighman/.config/discord/0.0.76/modules/pending/discord_desktop_core-1.zip: 69%
2024-12-08T04:40:15.978Z [Modules] Streaming discord_desktop_core@1 to /home/sohighman/.config/discord/0.0.76/modules/pending/discord_desktop_core-1.zip: 71%
2024-12-08T04:40:15.985Z [Modules] Streaming discord_desktop_core@1 to /home/sohighman/.config/discord/0.0.76/modules/pending/discord_desktop_core-1.zip: 73%
2024-12-08T04:40:15.989Z [Modules] Streaming discord_desktop_core@1 to /home/sohighman/.config/discord/0.0.76/modules/pending/discord_desktop_core-1.zip: 74%
2024-12-08T04:40:15.992Z [Modules] Streaming discord_desktop_core@1 to /home/sohighman/.config/discord/0.0.76/modules/pending/discord_desktop_core-1.zip: 75%
2024-12-08T04:40:15.996Z [Modules] Streaming discord_desktop_core@1 to /home/sohighman/.config/discord/0.0.76/modules/pending/discord_desktop_core-1.zip: 76%
2024-12-08T04:40:15.999Z [Modules] Streaming discord_desktop_core@1 to /home/sohighman/.config/discord/0.0.76/modules/pending/discord_desktop_core-1.zip: 77%
2024-12-08T04:40:16.003Z [Modules] Streaming discord_desktop_core@1 to /home/sohighman/.config/discord/0.0.76/modules/pending/discord_desktop_core-1.zip: 79%
2024-12-08T04:40:16.019Z [Modules] Streaming discord_desktop_core@1 to /home/sohighman/.config/discord/0.0.76/modules/pending/discord_desktop_core-1.zip: 81%
2024-12-08T04:40:16.020Z [Modules] Streaming discord_desktop_core@1 to /home/sohighman/.config/discord/0.0.76/modules/pending/discord_desktop_core-1.zip: 82%
2024-12-08T04:40:16.033Z [Modules] Streaming discord_desktop_core@1 to /home/sohighman/.config/discord/0.0.76/modules/pending/discord_desktop_core-1.zip: 83%
2024-12-08T04:40:16.036Z [Modules] Streaming discord_desktop_core@1 to /home/sohighman/.config/discord/0.0.76/modules/pending/discord_desktop_core-1.zip: 84%
2024-12-08T04:40:16.039Z [Modules] Streaming discord_desktop_core@1 to /home/sohighman/.config/discord/0.0.76/modules/pending/discord_desktop_core-1.zip: 85%
2024-12-08T04:40:16.044Z [Modules] Streaming discord_desktop_core@1 to /home/sohighman/.config/discord/0.0.76/modules/pending/discord_desktop_core-1.zip: 87%
2024-12-08T04:40:16.051Z [Modules] Streaming discord_desktop_core@1 to /home/sohighman/.config/discord/0.0.76/modules/pending/discord_desktop_core-1.zip: 89%
2024-12-08T04:40:16.058Z [Modules] Streaming discord_desktop_core@1 to /home/sohighman/.config/discord/0.0.76/modules/pending/discord_desktop_core-1.zip: 91%
2024-12-08T04:40:16.061Z [Modules] Streaming discord_desktop_core@1 to /home/sohighman/.config/discord/0.0.76/modules/pending/discord_desktop_core-1.zip: 92%
2024-12-08T04:40:16.064Z [Modules] Streaming discord_desktop_core@1 to /home/sohighman/.config/discord/0.0.76/modules/pending/discord_desktop_core-1.zip: 93%
2024-12-08T04:40:16.072Z [Modules] Streaming discord_desktop_core@1 to /home/sohighman/.config/discord/0.0.76/modules/pending/discord_desktop_core-1.zip: 94%
2024-12-08T04:40:16.077Z [Modules] Streaming discord_desktop_core@1 to /home/sohighman/.config/discord/0.0.76/modules/pending/discord_desktop_core-1.zip: 95%
2024-12-08T04:40:16.081Z [Modules] Streaming discord_desktop_core@1 to /home/sohighman/.config/discord/0.0.76/modules/pending/discord_desktop_core-1.zip: 97%
2024-12-08T04:40:16.088Z [Modules] Streaming discord_desktop_core@1 to /home/sohighman/.config/discord/0.0.76/modules/pending/discord_desktop_core-1.zip: 98%
2024-12-08T04:40:16.091Z [Modules] Streaming discord_desktop_core@1 to /home/sohighman/.config/discord/0.0.76/modules/pending/discord_desktop_core-1.zip: 99%
2024-12-08T04:40:16.093Z [Modules] Streaming discord_desktop_core@1 to /home/sohighman/.config/discord/0.0.76/modules/pending/discord_desktop_core-1.zip: 100%
2024-12-08T04:40:16.095Z [Modules] Fetching discord_erlpack@1 from https://discord.com/api/modules/stable/discord_erlpack/1
2024-12-08T04:40:16.095Z [Modules] Streaming discord_erlpack@1 to /home/sohighman/.config/discord/0.0.76/modules/pending/discord_erlpack-1.zip
2024-12-08T04:40:16.290Z [Modules] Streaming discord_erlpack@1 to /home/sohighman/.config/discord/0.0.76/modules/pending/discord_erlpack-1.zip: 1%
2024-12-08T04:40:16.293Z [Modules] Streaming discord_erlpack@1 to /home/sohighman/.config/discord/0.0.76/modules/pending/discord_erlpack-1.zip: 3%
2024-12-08T04:40:16.300Z [Modules] Streaming discord_erlpack@1 to /home/sohighman/.config/discord/0.0.76/modules/pending/discord_erlpack-1.zip: 5%
2024-12-08T04:40:16.303Z [Modules] Streaming discord_erlpack@1 to /home/sohighman/.config/discord/0.0.76/modules/pending/discord_erlpack-1.zip: 6%
2024-12-08T04:40:16.307Z [Modules] Streaming discord_erlpack@1 to /home/sohighman/.config/discord/0.0.76/modules/pending/discord_erlpack-1.zip: 7%
2024-12-08T04:40:16.311Z [Modules] Streaming discord_erlpack@1 to /home/sohighman/.config/discord/0.0.76/modules/pending/discord_erlpack-1.zip: 8%
2024-12-08T04:40:16.314Z [Modules] Streaming discord_erlpack@1 to /home/sohighman/.config/discord/0.0.76/modules/pending/discord_erlpack-1.zip: 9%
2024-12-08T04:40:16.318Z [Modules] Streaming discord_erlpack@1 to /home/sohighman/.config/discord/0.0.76/modules/pending/discord_erlpack-1.zip: 10%
2024-12-08T04:40:16.321Z [Modules] Streaming discord_erlpack@1 to /home/sohighman/.config/discord/0.0.76/modules/pending/discord_erlpack-1.zip: 11%
2024-12-08T04:40:16.325Z [Modules] Streaming discord_erlpack@1 to /home/sohighman/.config/discord/0.0.76/modules/pending/discord_erlpack-1.zip: 12%
2024-12-08T04:40:16.328Z [Modules] Streaming discord_erlpack@1 to /home/sohighman/.config/discord/0.0.76/modules/pending/discord_erlpack-1.zip: 13%
2024-12-08T04:40:16.332Z [Modules] Streaming discord_erlpack@1 to /home/sohighman/.config/discord/0.0.76/modules/pending/discord_erlpack-1.zip: 15%
2024-12-08T04:40:16.339Z [Modules] Streaming discord_erlpack@1 to /home/sohighman/.config/discord/0.0.76/modules/pending/discord_erlpack-1.zip: 17%
2024-12-08T04:40:16.342Z [Modules] Streaming discord_erlpack@1 to /home/sohighman/.config/discord/0.0.76/modules/pending/discord_erlpack-1.zip: 18%
2024-12-08T04:40:16.346Z [Modules] Streaming discord_erlpack@1 to /home/sohighman/.config/discord/0.0.76/modules/pending/discord_erlpack-1.zip: 19%
2024-12-08T04:40:16.352Z [Modules] Streaming discord_erlpack@1 to /home/sohighman/.config/discord/0.0.76/modules/pending/discord_erlpack-1.zip: 20%
2024-12-08T04:40:16.356Z [Modules] Streaming discord_erlpack@1 to /home/sohighman/.config/discord/0.0.76/modules/pending/discord_erlpack-1.zip: 21%
2024-12-08T04:40:16.360Z [Modules] Streaming discord_erlpack@1 to /home/sohighman/.config/discord/0.0.76/modules/pending/discord_erlpack-1.zip: 23%
2024-12-08T04:40:16.364Z [Modules] Streaming discord_erlpack@1 to /home/sohighman/.config/discord/0.0.76/modules/pending/discord_erlpack-1.zip: 24%
2024-12-08T04:40:16.370Z [Modules] Streaming discord_erlpack@1 to /home/sohighman/.config/discord/0.0.76/modules/pending/discord_erlpack-1.zip: 26%
2024-12-08T04:40:16.374Z [Modules] Streaming discord_erlpack@1 to /home/sohighman/.config/discord/0.0.76/modules/pending/discord_erlpack-1.zip: 27%
2024-12-08T04:40:16.381Z [Modules] Streaming discord_erlpack@1 to /home/sohighman/.config/discord/0.0.76/modules/pending/discord_erlpack-1.zip: 28%
2024-12-08T04:40:16.384Z [Modules] Streaming discord_erlpack@1 to /home/sohighman/.config/discord/0.0.76/modules/pending/discord_erlpack-1.zip: 30%
2024-12-08T04:40:16.391Z [Modules] Streaming discord_erlpack@1 to /home/sohighman/.config/discord/0.0.76/modules/pending/discord_erlpack-1.zip: 32%
2024-12-08T04:40:16.394Z [Modules] Streaming discord_erlpack@1 to /home/sohighman/.config/discord/0.0.76/modules/pending/discord_erlpack-1.zip: 33%
2024-12-08T04:40:16.398Z [Modules] Streaming discord_erlpack@1 to /home/sohighman/.config/discord/0.0.76/modules/pending/discord_erlpack-1.zip: 34%
2024-12-08T04:40:16.402Z [Modules] Streaming discord_erlpack@1 to /home/sohighman/.config/discord/0.0.76/modules/pending/discord_erlpack-1.zip: 35%
2024-12-08T04:40:16.405Z [Modules] Streaming discord_erlpack@1 to /home/sohighman/.config/discord/0.0.76/modules/pending/discord_erlpack-1.zip: 37%
2024-12-08T04:40:16.412Z [Modules] Streaming discord_erlpack@1 to /home/sohighman/.config/discord/0.0.76/modules/pending/discord_erlpack-1.zip: 39%
2024-12-08T04:40:16.416Z [Modules] Streaming discord_erlpack@1 to /home/sohighman/.config/discord/0.0.76/modules/pending/discord_erlpack-1.zip: 40%
2024-12-08T04:40:16.419Z [Modules] Streaming discord_erlpack@1 to /home/sohighman/.config/discord/0.0.76/modules/pending/discord_erlpack-1.zip: 41%
2024-12-08T04:40:16.423Z [Modules] Streaming discord_erlpack@1 to /home/sohighman/.config/discord/0.0.76/modules/pending/discord_erlpack-1.zip: 42%
2024-12-08T04:40:16.427Z [Modules] Streaming discord_erlpack@1 to /home/sohighman/.config/discord/0.0.76/modules/pending/discord_erlpack-1.zip: 43%
2024-12-08T04:40:16.430Z [Modules] Streaming discord_erlpack@1 to /home/sohighman/.config/discord/0.0.76/modules/pending/discord_erlpack-1.zip: 44%
2024-12-08T04:40:16.434Z [Modules] Streaming discord_erlpack@1 to /home/sohighman/.config/discord/0.0.76/modules/pending/discord_erlpack-1.zip: 46%
2024-12-08T04:40:16.442Z [Modules] Streaming discord_erlpack@1 to /home/sohighman/.config/discord/0.0.76/modules/pending/discord_erlpack-1.zip: 48%
2024-12-08T04:40:16.446Z [Modules] Streaming discord_erlpack@1 to /home/sohighman/.config/discord/0.0.76/modules/pending/discord_erlpack-1.zip: 49%
2024-12-08T04:40:16.450Z [Modules] Streaming discord_erlpack@1 to /home/sohighman/.config/discord/0.0.76/modules/pending/discord_erlpack-1.zip: 50%
2024-12-08T04:40:16.456Z [Modules] Streaming discord_erlpack@1 to /home/sohighman/.config/discord/0.0.76/modules/pending/discord_erlpack-1.zip: 52%
2024-12-08T04:40:16.463Z [Modules] Streaming discord_erlpack@1 to /home/sohighman/.config/discord/0.0.76/modules/pending/discord_erlpack-1.zip: 54%
2024-12-08T04:40:16.467Z [Modules] Streaming discord_erlpack@1 to /home/sohighman/.config/discord/0.0.76/modules/pending/discord_erlpack-1.zip: 55%
2024-12-08T04:40:16.470Z [Modules] Streaming discord_erlpack@1 to /home/sohighman/.config/discord/0.0.76/modules/pending/discord_erlpack-1.zip: 56%
2024-12-08T04:40:16.474Z [Modules] Streaming discord_erlpack@1 to /home/sohighman/.config/discord/0.0.76/modules/pending/discord_erlpack-1.zip: 57%
2024-12-08T04:40:16.477Z [Modules] Streaming discord_erlpack@1 to /home/sohighman/.config/discord/0.0.76/modules/pending/discord_erlpack-1.zip: 58%
2024-12-08T04:40:16.484Z [Modules] Streaming discord_erlpack@1 to /home/sohighman/.config/discord/0.0.76/modules/pending/discord_erlpack-1.zip: 59%
2024-12-08T04:40:16.488Z [Modules] Streaming discord_erlpack@1 to /home/sohighman/.config/discord/0.0.76/modules/pending/discord_erlpack-1.zip: 61%
2024-12-08T04:40:16.495Z [Modules] Streaming discord_erlpack@1 to /home/sohighman/.config/discord/0.0.76/modules/pending/discord_erlpack-1.zip: 63%
2024-12-08T04:40:16.498Z [Modules] Streaming discord_erlpack@1 to /home/sohighman/.config/discord/0.0.76/modules/pending/discord_erlpack-1.zip: 64%
2024-12-08T04:40:16.502Z [Modules] Streaming discord_erlpack@1 to /home/sohighman/.config/discord/0.0.76/modules/pending/discord_erlpack-1.zip: 65%
2024-12-08T04:40:16.506Z [Modules] Streaming discord_erlpack@1 to /home/sohighman/.config/discord/0.0.76/modules/pending/discord_erlpack-1.zip: 66%
2024-12-08T04:40:16.514Z [Modules] Streaming discord_erlpack@1 to /home/sohighman/.config/discord/0.0.76/modules/pending/discord_erlpack-1.zip: 68%
2024-12-08T04:40:16.521Z [Modules] Streaming discord_erlpack@1 to /home/sohighman/.config/discord/0.0.76/modules/pending/discord_erlpack-1.zip: 70%
2024-12-08T04:40:16.525Z [Modules] Streaming discord_erlpack@1 to /home/sohighman/.config/discord/0.0.76/modules/pending/discord_erlpack-1.zip: 71%
2024-12-08T04:40:16.533Z [Modules] Streaming discord_erlpack@1 to /home/sohighman/.config/discord/0.0.76/modules/pending/discord_erlpack-1.zip: 72%
2024-12-08T04:40:16.536Z [Modules] Streaming discord_erlpack@1 to /home/sohighman/.config/discord/0.0.76/modules/pending/discord_erlpack-1.zip: 74%
2024-12-08T04:40:16.543Z [Modules] Streaming discord_erlpack@1 to /home/sohighman/.config/discord/0.0.76/modules/pending/discord_erlpack-1.zip: 76%
2024-12-08T04:40:16.547Z [Modules] Streaming discord_erlpack@1 to /home/sohighman/.config/discord/0.0.76/modules/pending/discord_erlpack-1.zip: 77%
2024-12-08T04:40:16.553Z [Modules] Streaming discord_erlpack@1 to /home/sohighman/.config/discord/0.0.76/modules/pending/discord_erlpack-1.zip: 79%
2024-12-08T04:40:16.557Z [Modules] Streaming discord_erlpack@1 to /home/sohighman/.config/discord/0.0.76/modules/pending/discord_erlpack-1.zip: 80%
2024-12-08T04:40:16.561Z [Modules] Streaming discord_erlpack@1 to /home/sohighman/.config/discord/0.0.76/modules/pending/discord_erlpack-1.zip: 81%
2024-12-08T04:40:16.565Z [Modules] Streaming discord_erlpack@1 to /home/sohighman/.config/discord/0.0.76/modules/pending/discord_erlpack-1.zip: 83%
2024-12-08T04:40:16.579Z [Modules] Streaming discord_erlpack@1 to /home/sohighman/.config/discord/0.0.76/modules/pending/discord_erlpack-1.zip: 84%
2024-12-08T04:40:16.586Z [Modules] Streaming discord_erlpack@1 to /home/sohighman/.config/discord/0.0.76/modules/pending/discord_erlpack-1.zip: 86%
2024-12-08T04:40:16.593Z [Modules] Streaming discord_erlpack@1 to /home/sohighman/.config/discord/0.0.76/modules/pending/discord_erlpack-1.zip: 88%
2024-12-08T04:40:16.596Z [Modules] Streaming discord_erlpack@1 to /home/sohighman/.config/discord/0.0.76/modules/pending/discord_erlpack-1.zip: 89%
2024-12-08T04:40:16.600Z [Modules] Streaming discord_erlpack@1 to /home/sohighman/.config/discord/0.0.76/modules/pending/discord_erlpack-1.zip: 90%
2024-12-08T04:40:16.604Z [Modules] Streaming discord_erlpack@1 to /home/sohighman/.config/discord/0.0.76/modules/pending/discord_erlpack-1.zip: 92%
2024-12-08T04:40:16.611Z [Modules] Streaming discord_erlpack@1 to /home/sohighman/.config/discord/0.0.76/modules/pending/discord_erlpack-1.zip: 94%
2024-12-08T04:40:16.615Z [Modules] Streaming discord_erlpack@1 to /home/sohighman/.config/discord/0.0.76/modules/pending/discord_erlpack-1.zip: 95%
2024-12-08T04:40:16.618Z [Modules] Streaming discord_erlpack@1 to /home/sohighman/.config/discord/0.0.76/modules/pending/discord_erlpack-1.zip: 96%
2024-12-08T04:40:16.621Z [Modules] Streaming discord_erlpack@1 to /home/sohighman/.config/discord/0.0.76/modules/pending/discord_erlpack-1.zip: 97%
2024-12-08T04:40:16.625Z [Modules] Streaming discord_erlpack@1 to /home/sohighman/.config/discord/0.0.76/modules/pending/discord_erlpack-1.zip: 99%
2024-12-08T04:40:16.627Z [Modules] Streaming discord_erlpack@1 to /home/sohighman/.config/discord/0.0.76/modules/pending/discord_erlpack-1.zip: 100%
2024-12-08T04:40:16.628Z [Modules] Fetching discord_spellcheck@1 from https://discord.com/api/modules/stable/discord_spellcheck/1
2024-12-08T04:40:16.628Z [Modules] Streaming discord_spellcheck@1 to /home/sohighman/.config/discord/0.0.76/modules/pending/discord_spellcheck-1.zip
2024-12-08T04:40:16.877Z [Modules] Streaming discord_spellcheck@1 to /home/sohighman/.config/discord/0.0.76/modules/pending/discord_spellcheck-1.zip: 1%
2024-12-08T04:40:16.918Z [Modules] Streaming discord_spellcheck@1 to /home/sohighman/.config/discord/0.0.76/modules/pending/discord_spellcheck-1.zip: 2%
2024-12-08T04:40:16.948Z [Modules] Streaming discord_spellcheck@1 to /home/sohighman/.config/discord/0.0.76/modules/pending/discord_spellcheck-1.zip: 3%
2024-12-08T04:40:16.974Z [Modules] Streaming discord_spellcheck@1 to /home/sohighman/.config/discord/0.0.76/modules/pending/discord_spellcheck-1.zip: 4%
2024-12-08T04:40:17.001Z [Modules] Streaming discord_spellcheck@1 to /home/sohighman/.config/discord/0.0.76/modules/pending/discord_spellcheck-1.zip: 5%
2024-12-08T04:40:17.038Z [Modules] Streaming discord_spellcheck@1 to /home/sohighman/.config/discord/0.0.76/modules/pending/discord_spellcheck-1.zip: 6%
2024-12-08T04:40:17.067Z [Modules] Streaming discord_spellcheck@1 to /home/sohighman/.config/discord/0.0.76/modules/pending/discord_spellcheck-1.zip: 7%
2024-12-08T04:40:17.090Z [Modules] Streaming discord_spellcheck@1 to /home/sohighman/.config/discord/0.0.76/modules/pending/discord_spellcheck-1.zip: 8%
2024-12-08T04:40:17.119Z [Modules] Streaming discord_spellcheck@1 to /home/sohighman/.config/discord/0.0.76/modules/pending/discord_spellcheck-1.zip: 9%
2024-12-08T04:40:17.140Z [Modules] Streaming discord_spellcheck@1 to /home/sohighman/.config/discord/0.0.76/modules/pending/discord_spellcheck-1.zip: 10%
2024-12-08T04:40:17.162Z [Modules] Streaming discord_spellcheck@1 to /home/sohighman/.config/discord/0.0.76/modules/pending/discord_spellcheck-1.zip: 11%
2024-12-08T04:40:17.185Z [Modules] Streaming discord_spellcheck@1 to /home/sohighman/.config/discord/0.0.76/modules/pending/discord_spellcheck-1.zip: 12%
2024-12-08T04:40:17.212Z [Modules] Streaming discord_spellcheck@1 to /home/sohighman/.config/discord/0.0.76/modules/pending/discord_spellcheck-1.zip: 13%
2024-12-08T04:40:17.247Z [Modules] Streaming discord_spellcheck@1 to /home/sohighman/.config/discord/0.0.76/modules/pending/discord_spellcheck-1.zip: 14%
2024-12-08T04:40:17.270Z [Modules] Streaming discord_spellcheck@1 to /home/sohighman/.config/discord/0.0.76/modules/pending/discord_spellcheck-1.zip: 15%
2024-12-08T04:40:17.291Z [Modules] Streaming discord_spellcheck@1 to /home/sohighman/.config/discord/0.0.76/modules/pending/discord_spellcheck-1.zip: 16%
2024-12-08T04:40:17.335Z [Modules] Streaming discord_spellcheck@1 to /home/sohighman/.config/discord/0.0.76/modules/pending/discord_spellcheck-1.zip: 17%
2024-12-08T04:40:17.351Z [Modules] Streaming discord_spellcheck@1 to /home/sohighman/.config/discord/0.0.76/modules/pending/discord_spellcheck-1.zip: 18%
2024-12-08T04:40:17.379Z [Modules] Streaming discord_spellcheck@1 to /home/sohighman/.config/discord/0.0.76/modules/pending/discord_spellcheck-1.zip: 19%
2024-12-08T04:40:17.413Z [Modules] Streaming discord_spellcheck@1 to /home/sohighman/.config/discord/0.0.76/modules/pending/discord_spellcheck-1.zip: 20%
2024-12-08T04:40:17.428Z [Modules] Streaming discord_spellcheck@1 to /home/sohighman/.config/discord/0.0.76/modules/pending/discord_spellcheck-1.zip: 21%
2024-12-08T04:40:17.446Z [Modules] Streaming discord_spellcheck@1 to /home/sohighman/.config/discord/0.0.76/modules/pending/discord_spellcheck-1.zip: 22%
2024-12-08T04:40:17.472Z [Modules] Streaming discord_spellcheck@1 to /home/sohighman/.config/discord/0.0.76/modules/pending/discord_spellcheck-1.zip: 23%
2024-12-08T04:40:17.494Z [Modules] Streaming discord_spellcheck@1 to /home/sohighman/.config/discord/0.0.76/modules/pending/discord_spellcheck-1.zip: 24%
2024-12-08T04:40:17.520Z [Modules] Streaming discord_spellcheck@1 to /home/sohighman/.config/discord/0.0.76/modules/pending/discord_spellcheck-1.zip: 25%
2024-12-08T04:40:17.538Z [Modules] Streaming discord_spellcheck@1 to /home/sohighman/.config/discord/0.0.76/modules/pending/discord_spellcheck-1.zip: 26%
2024-12-08T04:40:17.556Z [Modules] Streaming discord_spellcheck@1 to /home/sohighman/.config/discord/0.0.76/modules/pending/discord_spellcheck-1.zip: 27%
2024-12-08T04:40:17.582Z [Modules] Streaming discord_spellcheck@1 to /home/sohighman/.config/discord/0.0.76/modules/pending/discord_spellcheck-1.zip: 28%
2024-12-08T04:40:17.597Z [Modules] Streaming discord_spellcheck@1 to /home/sohighman/.config/discord/0.0.76/modules/pending/discord_spellcheck-1.zip: 29%
2024-12-08T04:40:17.617Z [Modules] Streaming discord_spellcheck@1 to /home/sohighman/.config/discord/0.0.76/modules/pending/discord_spellcheck-1.zip: 30%
2024-12-08T04:40:17.635Z [Modules] Streaming discord_spellcheck@1 to /home/sohighman/.config/discord/0.0.76/modules/pending/discord_spellcheck-1.zip: 31%
2024-12-08T04:40:17.651Z [Modules] Streaming discord_spellcheck@1 to /home/sohighman/.config/discord/0.0.76/modules/pending/discord_spellcheck-1.zip: 32%
2024-12-08T04:40:17.672Z [Modules] Streaming discord_spellcheck@1 to /home/sohighman/.config/discord/0.0.76/modules/pending/discord_spellcheck-1.zip: 33%
2024-12-08T04:40:17.692Z [Modules] Streaming discord_spellcheck@1 to /home/sohighman/.config/discord/0.0.76/modules/pending/discord_spellcheck-1.zip: 34%
2024-12-08T04:40:17.704Z [Modules] Streaming discord_spellcheck@1 to /home/sohighman/.config/discord/0.0.76/modules/pending/discord_spellcheck-1.zip: 35%
2024-12-08T04:40:17.747Z [Modules] Streaming discord_spellcheck@1 to /home/sohighman/.config/discord/0.0.76/modules/pending/discord_spellcheck-1.zip: 36%
2024-12-08T04:40:17.768Z [Modules] Streaming discord_spellcheck@1 to /home/sohighman/.config/discord/0.0.76/modules/pending/discord_spellcheck-1.zip: 37%
2024-12-08T04:40:17.785Z [Modules] Streaming discord_spellcheck@1 to /home/sohighman/.config/discord/0.0.76/modules/pending/discord_spellcheck-1.zip: 38%
2024-12-08T04:40:17.799Z [Modules] Streaming discord_spellcheck@1 to /home/sohighman/.config/discord/0.0.76/modules/pending/discord_spellcheck-1.zip: 39%
2024-12-08T04:40:17.822Z [Modules] Streaming discord_spellcheck@1 to /home/sohighman/.config/discord/0.0.76/modules/pending/discord_spellcheck-1.zip: 40%
2024-12-08T04:40:17.835Z [Modules] Streaming discord_spellcheck@1 to /home/sohighman/.config/discord/0.0.76/modules/pending/discord_spellcheck-1.zip: 41%
2024-12-08T04:40:17.850Z [Modules] Streaming discord_spellcheck@1 to /home/sohighman/.config/discord/0.0.76/modules/pending/discord_spellcheck-1.zip: 42%
2024-12-08T04:40:17.867Z [Modules] Streaming discord_spellcheck@1 to /home/sohighman/.config/discord/0.0.76/modules/pending/discord_spellcheck-1.zip: 43%
2024-12-08T04:40:17.880Z [Modules] Streaming discord_spellcheck@1 to /home/sohighman/.config/discord/0.0.76/modules/pending/discord_spellcheck-1.zip: 44%
2024-12-08T04:40:17.905Z [Modules] Streaming discord_spellcheck@1 to /home/sohighman/.config/discord/0.0.76/modules/pending/discord_spellcheck-1.zip: 45%
2024-12-08T04:40:17.923Z [Modules] Streaming discord_spellcheck@1 to /home/sohighman/.config/discord/0.0.76/modules/pending/discord_spellcheck-1.zip: 46%
2024-12-08T04:40:17.938Z [Modules] Streaming discord_spellcheck@1 to /home/sohighman/.config/discord/0.0.76/modules/pending/discord_spellcheck-1.zip: 47%
2024-12-08T04:40:17.953Z [Modules] Streaming discord_spellcheck@1 to /home/sohighman/.config/discord/0.0.76/modules/pending/discord_spellcheck-1.zip: 48%
2024-12-08T04:40:17.969Z [Modules] Streaming discord_spellcheck@1 to /home/sohighman/.config/discord/0.0.76/modules/pending/discord_spellcheck-1.zip: 49%
2024-12-08T04:40:17.985Z [Modules] Streaming discord_spellcheck@1 to /home/sohighman/.config/discord/0.0.76/modules/pending/discord_spellcheck-1.zip: 50%
2024-12-08T04:40:18.003Z [Modules] Streaming discord_spellcheck@1 to /home/sohighman/.config/discord/0.0.76/modules/pending/discord_spellcheck-1.zip: 51%
2024-12-08T04:40:18.021Z [Modules] Streaming discord_spellcheck@1 to /home/sohighman/.config/discord/0.0.76/modules/pending/discord_spellcheck-1.zip: 52%
2024-12-08T04:40:18.069Z [Modules] Streaming discord_spellcheck@1 to /home/sohighman/.config/discord/0.0.76/modules/pending/discord_spellcheck-1.zip: 53%
2024-12-08T04:40:18.094Z [Modules] Streaming discord_spellcheck@1 to /home/sohighman/.config/discord/0.0.76/modules/pending/discord_spellcheck-1.zip: 54%
2024-12-08T04:40:18.111Z [Modules] Streaming discord_spellcheck@1 to /home/sohighman/.config/discord/0.0.76/modules/pending/discord_spellcheck-1.zip: 55%
2024-12-08T04:40:18.130Z [Modules] Streaming discord_spellcheck@1 to /home/sohighman/.config/discord/0.0.76/modules/pending/discord_spellcheck-1.zip: 56%
2024-12-08T04:40:18.141Z [Modules] Streaming discord_spellcheck@1 to /home/sohighman/.config/discord/0.0.76/modules/pending/discord_spellcheck-1.zip: 57%
2024-12-08T04:40:18.169Z [Modules] Streaming discord_spellcheck@1 to /home/sohighman/.config/discord/0.0.76/modules/pending/discord_spellcheck-1.zip: 58%
2024-12-08T04:40:18.188Z [Modules] Streaming discord_spellcheck@1 to /home/sohighman/.config/discord/0.0.76/modules/pending/discord_spellcheck-1.zip: 59%
2024-12-08T04:40:18.203Z [Modules] Streaming discord_spellcheck@1 to /home/sohighman/.config/discord/0.0.76/modules/pending/discord_spellcheck-1.zip: 60%
2024-12-08T04:40:18.222Z [Modules] Streaming discord_spellcheck@1 to /home/sohighman/.config/discord/0.0.76/modules/pending/discord_spellcheck-1.zip: 61%
2024-12-08T04:40:18.236Z [Modules] Streaming discord_spellcheck@1 to /home/sohighman/.config/discord/0.0.76/modules/pending/discord_spellcheck-1.zip: 62%
2024-12-08T04:40:18.250Z [Modules] Streaming discord_spellcheck@1 to /home/sohighman/.config/discord/0.0.76/modules/pending/discord_spellcheck-1.zip: 63%
2024-12-08T04:40:18.263Z [Modules] Streaming discord_spellcheck@1 to /home/sohighman/.config/discord/0.0.76/modules/pending/discord_spellcheck-1.zip: 64%
2024-12-08T04:40:18.303Z [Modules] Streaming discord_spellcheck@1 to /home/sohighman/.config/discord/0.0.76/modules/pending/discord_spellcheck-1.zip: 65%
2024-12-08T04:40:18.317Z [Modules] Streaming discord_spellcheck@1 to /home/sohighman/.config/discord/0.0.76/modules/pending/discord_spellcheck-1.zip: 66%
2024-12-08T04:40:18.340Z [Modules] Streaming discord_spellcheck@1 to /home/sohighman/.config/discord/0.0.76/modules/pending/discord_spellcheck-1.zip: 67%
2024-12-08T04:40:18.361Z [Modules] Streaming discord_spellcheck@1 to /home/sohighman/.config/discord/0.0.76/modules/pending/discord_spellcheck-1.zip: 68%
2024-12-08T04:40:18.371Z [Modules] Streaming discord_spellcheck@1 to /home/sohighman/.config/discord/0.0.76/modules/pending/discord_spellcheck-1.zip: 69%
2024-12-08T04:40:18.389Z [Modules] Streaming discord_spellcheck@1 to /home/sohighman/.config/discord/0.0.76/modules/pending/discord_spellcheck-1.zip: 70%
2024-12-08T04:40:18.413Z [Modules] Streaming discord_spellcheck@1 to /home/sohighman/.config/discord/0.0.76/modules/pending/discord_spellcheck-1.zip: 71%
2024-12-08T04:40:18.431Z [Modules] Streaming discord_spellcheck@1 to /home/sohighman/.config/discord/0.0.76/modules/pending/discord_spellcheck-1.zip: 72%
2024-12-08T04:40:18.448Z [Modules] Streaming discord_spellcheck@1 to /home/sohighman/.config/discord/0.0.76/modules/pending/discord_spellcheck-1.zip: 73%
2024-12-08T04:40:18.462Z [Modules] Streaming discord_spellcheck@1 to /home/sohighman/.config/discord/0.0.76/modules/pending/discord_spellcheck-1.zip: 74%
2024-12-08T04:40:18.483Z [Modules] Streaming discord_spellcheck@1 to /home/sohighman/.config/discord/0.0.76/modules/pending/discord_spellcheck-1.zip: 75%
2024-12-08T04:40:18.496Z [Modules] Streaming discord_spellcheck@1 to /home/sohighman/.config/discord/0.0.76/modules/pending/discord_spellcheck-1.zip: 76%
2024-12-08T04:40:18.518Z [Modules] Streaming discord_spellcheck@1 to /home/sohighman/.config/discord/0.0.76/modules/pending/discord_spellcheck-1.zip: 77%
2024-12-08T04:40:18.552Z [Modules] Streaming discord_spellcheck@1 to /home/sohighman/.config/discord/0.0.76/modules/pending/discord_spellcheck-1.zip: 78%
2024-12-08T04:40:18.565Z [Modules] Streaming discord_spellcheck@1 to /home/sohighman/.config/discord/0.0.76/modules/pending/discord_spellcheck-1.zip: 79%
2024-12-08T04:40:18.579Z [Modules] Streaming discord_spellcheck@1 to /home/sohighman/.config/discord/0.0.76/modules/pending/discord_spellcheck-1.zip: 80%
2024-12-08T04:40:18.593Z [Modules] Streaming discord_spellcheck@1 to /home/sohighman/.config/discord/0.0.76/modules/pending/discord_spellcheck-1.zip: 81%
2024-12-08T04:40:18.611Z [Modules] Streaming discord_spellcheck@1 to /home/sohighman/.config/discord/0.0.76/modules/pending/discord_spellcheck-1.zip: 82%
2024-12-08T04:40:18.633Z [Modules] Streaming discord_spellcheck@1 to /home/sohighman/.config/discord/0.0.76/modules/pending/discord_spellcheck-1.zip: 83%
2024-12-08T04:40:18.670Z [Modules] Streaming discord_spellcheck@1 to /home/sohighman/.config/discord/0.0.76/modules/pending/discord_spellcheck-1.zip: 84%
2024-12-08T04:40:18.687Z [Modules] Streaming discord_spellcheck@1 to /home/sohighman/.config/discord/0.0.76/modules/pending/discord_spellcheck-1.zip: 85%
2024-12-08T04:40:18.703Z [Modules] Streaming discord_spellcheck@1 to /home/sohighman/.config/discord/0.0.76/modules/pending/discord_spellcheck-1.zip: 86%
2024-12-08T04:40:18.725Z [Modules] Streaming discord_spellcheck@1 to /home/sohighman/.config/discord/0.0.76/modules/pending/discord_spellcheck-1.zip: 87%
2024-12-08T04:40:18.739Z [Modules] Streaming discord_spellcheck@1 to /home/sohighman/.config/discord/0.0.76/modules/pending/discord_spellcheck-1.zip: 88%
2024-12-08T04:40:18.759Z [Modules] Streaming discord_spellcheck@1 to /home/sohighman/.config/discord/0.0.76/modules/pending/discord_spellcheck-1.zip: 89%
2024-12-08T04:40:18.773Z [Modules] Streaming discord_spellcheck@1 to /home/sohighman/.config/discord/0.0.76/modules/pending/discord_spellcheck-1.zip: 90%
2024-12-08T04:40:18.794Z [Modules] Streaming discord_spellcheck@1 to /home/sohighman/.config/discord/0.0.76/modules/pending/discord_spellcheck-1.zip: 91%
2024-12-08T04:40:18.808Z [Modules] Streaming discord_spellcheck@1 to /home/sohighman/.config/discord/0.0.76/modules/pending/discord_spellcheck-1.zip: 92%
2024-12-08T04:40:18.825Z [Modules] Streaming discord_spellcheck@1 to /home/sohighman/.config/discord/0.0.76/modules/pending/discord_spellcheck-1.zip: 93%
2024-12-08T04:40:18.852Z [Modules] Streaming discord_spellcheck@1 to /home/sohighman/.config/discord/0.0.76/modules/pending/discord_spellcheck-1.zip: 94%
2024-12-08T04:40:18.868Z [Modules] Streaming discord_spellcheck@1 to /home/sohighman/.config/discord/0.0.76/modules/pending/discord_spellcheck-1.zip: 95%
2024-12-08T04:40:18.881Z [Modules] Streaming discord_spellcheck@1 to /home/sohighman/.config/discord/0.0.76/modules/pending/discord_spellcheck-1.zip: 96%
2024-12-08T04:40:18.897Z [Modules] Streaming discord_spellcheck@1 to /home/sohighman/.config/discord/0.0.76/modules/pending/discord_spellcheck-1.zip: 97%
2024-12-08T04:40:18.913Z [Modules] Streaming discord_spellcheck@1 to /home/sohighman/.config/discord/0.0.76/modules/pending/discord_spellcheck-1.zip: 98%
2024-12-08T04:40:18.930Z [Modules] Streaming discord_spellcheck@1 to /home/sohighman/.config/discord/0.0.76/modules/pending/discord_spellcheck-1.zip: 99%
2024-12-08T04:40:18.949Z [Modules] Streaming discord_spellcheck@1 to /home/sohighman/.config/discord/0.0.76/modules/pending/discord_spellcheck-1.zip: 100%
2024-12-08T04:40:18.950Z [Modules] Fetching discord_utils@1 from https://discord.com/api/modules/stable/discord_utils/1
2024-12-08T04:40:18.950Z [Modules] Streaming discord_utils@1 to /home/sohighman/.config/discord/0.0.76/modules/pending/discord_utils-1.zip
2024-12-08T04:40:19.381Z [Modules] Streaming discord_utils@1 to /home/sohighman/.config/discord/0.0.76/modules/pending/discord_utils-1.zip: 1%
2024-12-08T04:40:19.386Z [Modules] Streaming discord_utils@1 to /home/sohighman/.config/discord/0.0.76/modules/pending/discord_utils-1.zip: 2%
2024-12-08T04:40:19.393Z [Modules] Streaming discord_utils@1 to /home/sohighman/.config/discord/0.0.76/modules/pending/discord_utils-1.zip: 3%
2024-12-08T04:40:19.400Z [Modules] Streaming discord_utils@1 to /home/sohighman/.config/discord/0.0.76/modules/pending/discord_utils-1.zip: 4%
2024-12-08T04:40:19.406Z [Modules] Streaming discord_utils@1 to /home/sohighman/.config/discord/0.0.76/modules/pending/discord_utils-1.zip: 5%
2024-12-08T04:40:19.410Z [Modules] Streaming discord_utils@1 to /home/sohighman/.config/discord/0.0.76/modules/pending/discord_utils-1.zip: 6%
2024-12-08T04:40:19.417Z [Modules] Streaming discord_utils@1 to /home/sohighman/.config/discord/0.0.76/modules/pending/discord_utils-1.zip: 7%
2024-12-08T04:40:19.426Z [Modules] Streaming discord_utils@1 to /home/sohighman/.config/discord/0.0.76/modules/pending/discord_utils-1.zip: 8%
2024-12-08T04:40:19.430Z [Modules] Streaming discord_utils@1 to /home/sohighman/.config/discord/0.0.76/modules/pending/discord_utils-1.zip: 9%
2024-12-08T04:40:19.441Z [Modules] Streaming discord_utils@1 to /home/sohighman/.config/discord/0.0.76/modules/pending/discord_utils-1.zip: 10%
2024-12-08T04:40:19.445Z [Modules] Streaming discord_utils@1 to /home/sohighman/.config/discord/0.0.76/modules/pending/discord_utils-1.zip: 11%
2024-12-08T04:40:19.462Z [Modules] Streaming discord_utils@1 to /home/sohighman/.config/discord/0.0.76/modules/pending/discord_utils-1.zip: 12%
2024-12-08T04:40:19.474Z [Modules] Streaming discord_utils@1 to /home/sohighman/.config/discord/0.0.76/modules/pending/discord_utils-1.zip: 13%
2024-12-08T04:40:19.480Z [Modules] Streaming discord_utils@1 to /home/sohighman/.config/discord/0.0.76/modules/pending/discord_utils-1.zip: 14%
2024-12-08T04:40:19.490Z [Modules] Streaming discord_utils@1 to /home/sohighman/.config/discord/0.0.76/modules/pending/discord_utils-1.zip: 15%
2024-12-08T04:40:19.494Z [Modules] Streaming discord_utils@1 to /home/sohighman/.config/discord/0.0.76/modules/pending/discord_utils-1.zip: 16%
2024-12-08T04:40:19.500Z [Modules] Streaming discord_utils@1 to /home/sohighman/.config/discord/0.0.76/modules/pending/discord_utils-1.zip: 17%
2024-12-08T04:40:19.508Z [Modules] Streaming discord_utils@1 to /home/sohighman/.config/discord/0.0.76/modules/pending/discord_utils-1.zip: 18%
2024-12-08T04:40:19.514Z [Modules] Streaming discord_utils@1 to /home/sohighman/.config/discord/0.0.76/modules/pending/discord_utils-1.zip: 19%
2024-12-08T04:40:19.518Z [Modules] Streaming discord_utils@1 to /home/sohighman/.config/discord/0.0.76/modules/pending/discord_utils-1.zip: 20%
2024-12-08T04:40:19.528Z [Modules] Streaming discord_utils@1 to /home/sohighman/.config/discord/0.0.76/modules/pending/discord_utils-1.zip: 21%
2024-12-08T04:40:19.531Z [Modules] Streaming discord_utils@1 to /home/sohighman/.config/discord/0.0.76/modules/pending/discord_utils-1.zip: 22%
2024-12-08T04:40:19.538Z [Modules] Streaming discord_utils@1 to /home/sohighman/.config/discord/0.0.76/modules/pending/discord_utils-1.zip: 23%
2024-12-08T04:40:19.545Z [Modules] Streaming discord_utils@1 to /home/sohighman/.config/discord/0.0.76/modules/pending/discord_utils-1.zip: 24%
2024-12-08T04:40:19.559Z [Modules] Streaming discord_utils@1 to /home/sohighman/.config/discord/0.0.76/modules/pending/discord_utils-1.zip: 25%
2024-12-08T04:40:19.566Z [Modules] Streaming discord_utils@1 to /home/sohighman/.config/discord/0.0.76/modules/pending/discord_utils-1.zip: 26%
2024-12-08T04:40:19.576Z [Modules] Streaming discord_utils@1 to /home/sohighman/.config/discord/0.0.76/modules/pending/discord_utils-1.zip: 27%
2024-12-08T04:40:19.582Z [Modules] Streaming discord_utils@1 to /home/sohighman/.config/discord/0.0.76/modules/pending/discord_utils-1.zip: 28%
2024-12-08T04:40:19.586Z [Modules] Streaming discord_utils@1 to /home/sohighman/.config/discord/0.0.76/modules/pending/discord_utils-1.zip: 29%
2024-12-08T04:40:19.593Z [Modules] Streaming discord_utils@1 to /home/sohighman/.config/discord/0.0.76/modules/pending/discord_utils-1.zip: 30%
2024-12-08T04:40:19.600Z [Modules] Streaming discord_utils@1 to /home/sohighman/.config/discord/0.0.76/modules/pending/discord_utils-1.zip: 31%
2024-12-08T04:40:19.603Z [Modules] Streaming discord_utils@1 to /home/sohighman/.config/discord/0.0.76/modules/pending/discord_utils-1.zip: 32%
2024-12-08T04:40:19.614Z [Modules] Streaming discord_utils@1 to /home/sohighman/.config/discord/0.0.76/modules/pending/discord_utils-1.zip: 33%
2024-12-08T04:40:19.621Z [Modules] Streaming discord_utils@1 to /home/sohighman/.config/discord/0.0.76/modules/pending/discord_utils-1.zip: 34%
2024-12-08T04:40:19.628Z [Modules] Streaming discord_utils@1 to /home/sohighman/.config/discord/0.0.76/modules/pending/discord_utils-1.zip: 35%
2024-12-08T04:40:19.635Z [Modules] Streaming discord_utils@1 to /home/sohighman/.config/discord/0.0.76/modules/pending/discord_utils-1.zip: 36%
2024-12-08T04:40:19.646Z [Modules] Streaming discord_utils@1 to /home/sohighman/.config/discord/0.0.76/modules/pending/discord_utils-1.zip: 37%
2024-12-08T04:40:19.650Z [Modules] Streaming discord_utils@1 to /home/sohighman/.config/discord/0.0.76/modules/pending/discord_utils-1.zip: 38%
2024-12-08T04:40:19.664Z [Modules] Streaming discord_utils@1 to /home/sohighman/.config/discord/0.0.76/modules/pending/discord_utils-1.zip: 39%
2024-12-08T04:40:19.678Z [Modules] Streaming discord_utils@1 to /home/sohighman/.config/discord/0.0.76/modules/pending/discord_utils-1.zip: 40%
2024-12-08T04:40:19.685Z [Modules] Streaming discord_utils@1 to /home/sohighman/.config/discord/0.0.76/modules/pending/discord_utils-1.zip: 41%
2024-12-08T04:40:19.692Z [Modules] Streaming discord_utils@1 to /home/sohighman/.config/discord/0.0.76/modules/pending/discord_utils-1.zip: 42%
2024-12-08T04:40:19.695Z [Modules] Streaming discord_utils@1 to /home/sohighman/.config/discord/0.0.76/modules/pending/discord_utils-1.zip: 43%
2024-12-08T04:40:19.702Z [Modules] Streaming discord_utils@1 to /home/sohighman/.config/discord/0.0.76/modules/pending/discord_utils-1.zip: 44%
2024-12-08T04:40:19.709Z [Modules] Streaming discord_utils@1 to /home/sohighman/.config/discord/0.0.76/modules/pending/discord_utils-1.zip: 45%
2024-12-08T04:40:19.712Z [Modules] Streaming discord_utils@1 to /home/sohighman/.config/discord/0.0.76/modules/pending/discord_utils-1.zip: 46%
2024-12-08T04:40:19.719Z [Modules] Streaming discord_utils@1 to /home/sohighman/.config/discord/0.0.76/modules/pending/discord_utils-1.zip: 47%
2024-12-08T04:40:19.723Z [Modules] Streaming discord_utils@1 to /home/sohighman/.config/discord/0.0.76/modules/pending/discord_utils-1.zip: 48%
2024-12-08T04:40:19.730Z [Modules] Streaming discord_utils@1 to /home/sohighman/.config/discord/0.0.76/modules/pending/discord_utils-1.zip: 49%
2024-12-08T04:40:19.741Z [Modules] Streaming discord_utils@1 to /home/sohighman/.config/discord/0.0.76/modules/pending/discord_utils-1.zip: 50%
2024-12-08T04:40:19.748Z [Modules] Streaming discord_utils@1 to /home/sohighman/.config/discord/0.0.76/modules/pending/discord_utils-1.zip: 51%
2024-12-08T04:40:19.751Z [Modules] Streaming discord_utils@1 to /home/sohighman/.config/discord/0.0.76/modules/pending/discord_utils-1.zip: 52%
2024-12-08T04:40:19.765Z [Modules] Streaming discord_utils@1 to /home/sohighman/.config/discord/0.0.76/modules/pending/discord_utils-1.zip: 53%
2024-12-08T04:40:19.772Z [Modules] Streaming discord_utils@1 to /home/sohighman/.config/discord/0.0.76/modules/pending/discord_utils-1.zip: 54%
2024-12-08T04:40:19.776Z [Modules] Streaming discord_utils@1 to /home/sohighman/.config/discord/0.0.76/modules/pending/discord_utils-1.zip: 55%
2024-12-08T04:40:19.786Z [Modules] Streaming discord_utils@1 to /home/sohighman/.config/discord/0.0.76/modules/pending/discord_utils-1.zip: 56%
2024-12-08T04:40:19.793Z [Modules] Streaming discord_utils@1 to /home/sohighman/.config/discord/0.0.76/modules/pending/discord_utils-1.zip: 57%
2024-12-08T04:40:19.797Z [Modules] Streaming discord_utils@1 to /home/sohighman/.config/discord/0.0.76/modules/pending/discord_utils-1.zip: 58%
2024-12-08T04:40:19.804Z [Modules] Streaming discord_utils@1 to /home/sohighman/.config/discord/0.0.76/modules/pending/discord_utils-1.zip: 59%
2024-12-08T04:40:19.810Z [Modules] Streaming discord_utils@1 to /home/sohighman/.config/discord/0.0.76/modules/pending/discord_utils-1.zip: 60%
2024-12-08T04:40:19.814Z [Modules] Streaming discord_utils@1 to /home/sohighman/.config/discord/0.0.76/modules/pending/discord_utils-1.zip: 61%
2024-12-08T04:40:19.821Z [Modules] Streaming discord_utils@1 to /home/sohighman/.config/discord/0.0.76/modules/pending/discord_utils-1.zip: 62%
2024-12-08T04:40:19.828Z [Modules] Streaming discord_utils@1 to /home/sohighman/.config/discord/0.0.76/modules/pending/discord_utils-1.zip: 63%
2024-12-08T04:40:19.831Z [Modules] Streaming discord_utils@1 to /home/sohighman/.config/discord/0.0.76/modules/pending/discord_utils-1.zip: 64%
2024-12-08T04:40:19.845Z [Modules] Streaming discord_utils@1 to /home/sohighman/.config/discord/0.0.76/modules/pending/discord_utils-1.zip: 65%
2024-12-08T04:40:19.848Z [Modules] Streaming discord_utils@1 to /home/sohighman/.config/discord/0.0.76/modules/pending/discord_utils-1.zip: 66%
2024-12-08T04:40:19.855Z [Modules] Streaming discord_utils@1 to /home/sohighman/.config/discord/0.0.76/modules/pending/discord_utils-1.zip: 67%
2024-12-08T04:40:19.864Z [Modules] Streaming discord_utils@1 to /home/sohighman/.config/discord/0.0.76/modules/pending/discord_utils-1.zip: 68%
2024-12-08T04:40:19.868Z [Modules] Streaming discord_utils@1 to /home/sohighman/.config/discord/0.0.76/modules/pending/discord_utils-1.zip: 69%
2024-12-08T04:40:19.874Z [Modules] Streaming discord_utils@1 to /home/sohighman/.config/discord/0.0.76/modules/pending/discord_utils-1.zip: 70%
2024-12-08T04:40:19.878Z [Modules] Streaming discord_utils@1 to /home/sohighman/.config/discord/0.0.76/modules/pending/discord_utils-1.zip: 71%
2024-12-08T04:40:19.885Z [Modules] Streaming discord_utils@1 to /home/sohighman/.config/discord/0.0.76/modules/pending/discord_utils-1.zip: 72%
2024-12-08T04:40:19.892Z [Modules] Streaming discord_utils@1 to /home/sohighman/.config/discord/0.0.76/modules/pending/discord_utils-1.zip: 73%
2024-12-08T04:40:19.915Z [Modules] Streaming discord_utils@1 to /home/sohighman/.config/discord/0.0.76/modules/pending/discord_utils-1.zip: 74%
2024-12-08T04:40:19.918Z [Modules] Streaming discord_utils@1 to /home/sohighman/.config/discord/0.0.76/modules/pending/discord_utils-1.zip: 75%
2024-12-08T04:40:19.925Z [Modules] Streaming discord_utils@1 to /home/sohighman/.config/discord/0.0.76/modules/pending/discord_utils-1.zip: 76%
2024-12-08T04:40:19.933Z [Modules] Streaming discord_utils@1 to /home/sohighman/.config/discord/0.0.76/modules/pending/discord_utils-1.zip: 77%
2024-12-08T04:40:19.943Z [Modules] Streaming discord_utils@1 to /home/sohighman/.config/discord/0.0.76/modules/pending/discord_utils-1.zip: 78%
2024-12-08T04:40:19.953Z [Modules] Streaming discord_utils@1 to /home/sohighman/.config/discord/0.0.76/modules/pending/discord_utils-1.zip: 79%
2024-12-08T04:40:19.956Z [Modules] Streaming discord_utils@1 to /home/sohighman/.config/discord/0.0.76/modules/pending/discord_utils-1.zip: 80%
2024-12-08T04:40:19.967Z [Modules] Streaming discord_utils@1 to /home/sohighman/.config/discord/0.0.76/modules/pending/discord_utils-1.zip: 81%
2024-12-08T04:40:19.970Z [Modules] Streaming discord_utils@1 to /home/sohighman/.config/discord/0.0.76/modules/pending/discord_utils-1.zip: 82%
2024-12-08T04:40:19.980Z [Modules] Streaming discord_utils@1 to /home/sohighman/.config/discord/0.0.76/modules/pending/discord_utils-1.zip: 83%
2024-12-08T04:40:19.991Z [Modules] Streaming discord_utils@1 to /home/sohighman/.config/discord/0.0.76/modules/pending/discord_utils-1.zip: 84%
2024-12-08T04:40:19.998Z [Modules] Streaming discord_utils@1 to /home/sohighman/.config/discord/0.0.76/modules/pending/discord_utils-1.zip: 85%
2024-12-08T04:40:20.004Z [Modules] Streaming discord_utils@1 to /home/sohighman/.config/discord/0.0.76/modules/pending/discord_utils-1.zip: 86%
2024-12-08T04:40:20.014Z [Modules] Streaming discord_utils@1 to /home/sohighman/.config/discord/0.0.76/modules/pending/discord_utils-1.zip: 87%
2024-12-08T04:40:20.015Z [Modules] Streaming discord_utils@1 to /home/sohighman/.config/discord/0.0.76/modules/pending/discord_utils-1.zip: 88%
2024-12-08T04:40:20.021Z [Modules] Streaming discord_utils@1 to /home/sohighman/.config/discord/0.0.76/modules/pending/discord_utils-1.zip: 89%
2024-12-08T04:40:20.027Z [Modules] Streaming discord_utils@1 to /home/sohighman/.config/discord/0.0.76/modules/pending/discord_utils-1.zip: 90%
2024-12-08T04:40:20.036Z [Modules] Streaming discord_utils@1 to /home/sohighman/.config/discord/0.0.76/modules/pending/discord_utils-1.zip: 91%
2024-12-08T04:40:20.043Z [Modules] Streaming discord_utils@1 to /home/sohighman/.config/discord/0.0.76/modules/pending/discord_utils-1.zip: 92%
2024-12-08T04:40:20.046Z [Modules] Streaming discord_utils@1 to /home/sohighman/.config/discord/0.0.76/modules/pending/discord_utils-1.zip: 93%
2024-12-08T04:40:20.053Z [Modules] Streaming discord_utils@1 to /home/sohighman/.config/discord/0.0.76/modules/pending/discord_utils-1.zip: 94%
2024-12-08T04:40:20.059Z [Modules] Streaming discord_utils@1 to /home/sohighman/.config/discord/0.0.76/modules/pending/discord_utils-1.zip: 95%
2024-12-08T04:40:20.066Z [Modules] Streaming discord_utils@1 to /home/sohighman/.config/discord/0.0.76/modules/pending/discord_utils-1.zip: 96%
2024-12-08T04:40:20.076Z [Modules] Streaming discord_utils@1 to /home/sohighman/.config/discord/0.0.76/modules/pending/discord_utils-1.zip: 97%
2024-12-08T04:40:20.079Z [Modules] Streaming discord_utils@1 to /home/sohighman/.config/discord/0.0.76/modules/pending/discord_utils-1.zip: 98%
2024-12-08T04:40:20.086Z [Modules] Streaming discord_utils@1 to /home/sohighman/.config/discord/0.0.76/modules/pending/discord_utils-1.zip: 99%
2024-12-08T04:40:20.119Z [Modules] Streaming discord_utils@1 to /home/sohighman/.config/discord/0.0.76/modules/pending/discord_utils-1.zip: 100%
2024-12-08T04:40:20.122Z [Modules] Fetching discord_voice@2 from https://discord.com/api/modules/stable/discord_voice/2
2024-12-08T04:40:20.122Z [Modules] Streaming discord_voice@2 to /home/sohighman/.config/discord/0.0.76/modules/pending/discord_voice-2.zip
2024-12-08T04:40:20.510Z [Modules] Streaming discord_voice@2 to /home/sohighman/.config/discord/0.0.76/modules/pending/discord_voice-2.zip: 1%
2024-12-08T04:40:20.554Z [Modules] Streaming discord_voice@2 to /home/sohighman/.config/discord/0.0.76/modules/pending/discord_voice-2.zip: 2%
2024-12-08T04:40:20.598Z [Modules] Streaming discord_voice@2 to /home/sohighman/.config/discord/0.0.76/modules/pending/discord_voice-2.zip: 3%
2024-12-08T04:40:20.641Z [Modules] Streaming discord_voice@2 to /home/sohighman/.config/discord/0.0.76/modules/pending/discord_voice-2.zip: 4%
2024-12-08T04:40:20.700Z [Modules] Streaming discord_voice@2 to /home/sohighman/.config/discord/0.0.76/modules/pending/discord_voice-2.zip: 5%
2024-12-08T04:40:20.733Z [Modules] Streaming discord_voice@2 to /home/sohighman/.config/discord/0.0.76/modules/pending/discord_voice-2.zip: 6%
2024-12-08T04:40:20.775Z [Modules] Streaming discord_voice@2 to /home/sohighman/.config/discord/0.0.76/modules/pending/discord_voice-2.zip: 7%
2024-12-08T04:40:20.813Z [Modules] Streaming discord_voice@2 to /home/sohighman/.config/discord/0.0.76/modules/pending/discord_voice-2.zip: 8%
2024-12-08T04:40:20.846Z [Modules] Streaming discord_voice@2 to /home/sohighman/.config/discord/0.0.76/modules/pending/discord_voice-2.zip: 9%
2024-12-08T04:40:20.905Z [Modules] Streaming discord_voice@2 to /home/sohighman/.config/discord/0.0.76/modules/pending/discord_voice-2.zip: 10%
2024-12-08T04:40:20.939Z [Modules] Streaming discord_voice@2 to /home/sohighman/.config/discord/0.0.76/modules/pending/discord_voice-2.zip: 11%
2024-12-08T04:40:20.979Z [Modules] Streaming discord_voice@2 to /home/sohighman/.config/discord/0.0.76/modules/pending/discord_voice-2.zip: 12%
2024-12-08T04:40:21.019Z [Modules] Streaming discord_voice@2 to /home/sohighman/.config/discord/0.0.76/modules/pending/discord_voice-2.zip: 13%
2024-12-08T04:40:21.062Z [Modules] Streaming discord_voice@2 to /home/sohighman/.config/discord/0.0.76/modules/pending/discord_voice-2.zip: 14%
2024-12-08T04:40:21.107Z [Modules] Streaming discord_voice@2 to /home/sohighman/.config/discord/0.0.76/modules/pending/discord_voice-2.zip: 15%
2024-12-08T04:40:21.142Z [Modules] Streaming discord_voice@2 to /home/sohighman/.config/discord/0.0.76/modules/pending/discord_voice-2.zip: 16%
2024-12-08T04:40:21.180Z [Modules] Streaming discord_voice@2 to /home/sohighman/.config/discord/0.0.76/modules/pending/discord_voice-2.zip: 17%
2024-12-08T04:40:21.216Z [Modules] Streaming discord_voice@2 to /home/sohighman/.config/discord/0.0.76/modules/pending/discord_voice-2.zip: 18%
2024-12-08T04:40:21.250Z [Modules] Streaming discord_voice@2 to /home/sohighman/.config/discord/0.0.76/modules/pending/discord_voice-2.zip: 19%
2024-12-08T04:40:21.304Z [Modules] Streaming discord_voice@2 to /home/sohighman/.config/discord/0.0.76/modules/pending/discord_voice-2.zip: 20%
2024-12-08T04:40:21.345Z [Modules] Streaming discord_voice@2 to /home/sohighman/.config/discord/0.0.76/modules/pending/discord_voice-2.zip: 21%
2024-12-08T04:40:21.390Z [Modules] Streaming discord_voice@2 to /home/sohighman/.config/discord/0.0.76/modules/pending/discord_voice-2.zip: 22%
2024-12-08T04:40:21.435Z [Modules] Streaming discord_voice@2 to /home/sohighman/.config/discord/0.0.76/modules/pending/discord_voice-2.zip: 23%
2024-12-08T04:40:21.473Z [Modules] Streaming discord_voice@2 to /home/sohighman/.config/discord/0.0.76/modules/pending/discord_voice-2.zip: 24%
2024-12-08T04:40:21.510Z [Modules] Streaming discord_voice@2 to /home/sohighman/.config/discord/0.0.76/modules/pending/discord_voice-2.zip: 25%
2024-12-08T04:40:21.547Z [Modules] Streaming discord_voice@2 to /home/sohighman/.config/discord/0.0.76/modules/pending/discord_voice-2.zip: 26%
2024-12-08T04:40:21.606Z [Modules] Streaming discord_voice@2 to /home/sohighman/.config/discord/0.0.76/modules/pending/discord_voice-2.zip: 27%
2024-12-08T04:40:21.652Z [Modules] Streaming discord_voice@2 to /home/sohighman/.config/discord/0.0.76/modules/pending/discord_voice-2.zip: 28%
2024-12-08T04:40:21.686Z [Modules] Streaming discord_voice@2 to /home/sohighman/.config/discord/0.0.76/modules/pending/discord_voice-2.zip: 29%
2024-12-08T04:40:21.721Z [Modules] Streaming discord_voice@2 to /home/sohighman/.config/discord/0.0.76/modules/pending/discord_voice-2.zip: 30%
2024-12-08T04:40:21.755Z [Modules] Streaming discord_voice@2 to /home/sohighman/.config/discord/0.0.76/modules/pending/discord_voice-2.zip: 31%
2024-12-08T04:40:21.800Z [Modules] Streaming discord_voice@2 to /home/sohighman/.config/discord/0.0.76/modules/pending/discord_voice-2.zip: 32%
2024-12-08T04:40:21.841Z [Modules] Streaming discord_voice@2 to /home/sohighman/.config/discord/0.0.76/modules/pending/discord_voice-2.zip: 33%
2024-12-08T04:40:21.880Z [Modules] Streaming discord_voice@2 to /home/sohighman/.config/discord/0.0.76/modules/pending/discord_voice-2.zip: 34%
2024-12-08T04:40:21.919Z [Modules] Streaming discord_voice@2 to /home/sohighman/.config/discord/0.0.76/modules/pending/discord_voice-2.zip: 35%
2024-12-08T04:40:21.954Z [Modules] Streaming discord_voice@2 to /home/sohighman/.config/discord/0.0.76/modules/pending/discord_voice-2.zip: 36%
2024-12-08T04:40:21.998Z [Modules] Streaming discord_voice@2 to /home/sohighman/.config/discord/0.0.76/modules/pending/discord_voice-2.zip: 37%
2024-12-08T04:40:22.036Z [Modules] Streaming discord_voice@2 to /home/sohighman/.config/discord/0.0.76/modules/pending/discord_voice-2.zip: 38%
2024-12-08T04:40:22.073Z [Modules] Streaming discord_voice@2 to /home/sohighman/.config/discord/0.0.76/modules/pending/discord_voice-2.zip: 39%
2024-12-08T04:40:22.113Z [Modules] Streaming discord_voice@2 to /home/sohighman/.config/discord/0.0.76/modules/pending/discord_voice-2.zip: 40%
2024-12-08T04:40:22.148Z [Modules] Streaming discord_voice@2 to /home/sohighman/.config/discord/0.0.76/modules/pending/discord_voice-2.zip: 41%
2024-12-08T04:40:22.188Z [Modules] Streaming discord_voice@2 to /home/sohighman/.config/discord/0.0.76/modules/pending/discord_voice-2.zip: 42%
2024-12-08T04:40:22.230Z [Modules] Streaming discord_voice@2 to /home/sohighman/.config/discord/0.0.76/modules/pending/discord_voice-2.zip: 43%
2024-12-08T04:40:22.265Z [Modules] Streaming discord_voice@2 to /home/sohighman/.config/discord/0.0.76/modules/pending/discord_voice-2.zip: 44%
2024-12-08T04:40:22.302Z [Modules] Streaming discord_voice@2 to /home/sohighman/.config/discord/0.0.76/modules/pending/discord_voice-2.zip: 45%
2024-12-08T04:40:22.344Z [Modules] Streaming discord_voice@2 to /home/sohighman/.config/discord/0.0.76/modules/pending/discord_voice-2.zip: 46%
2024-12-08T04:40:22.380Z [Modules] Streaming discord_voice@2 to /home/sohighman/.config/discord/0.0.76/modules/pending/discord_voice-2.zip: 47%
2024-12-08T04:40:22.429Z [Modules] Streaming discord_voice@2 to /home/sohighman/.config/discord/0.0.76/modules/pending/discord_voice-2.zip: 48%
2024-12-08T04:40:22.471Z [Modules] Streaming discord_voice@2 to /home/sohighman/.config/discord/0.0.76/modules/pending/discord_voice-2.zip: 49%
2024-12-08T04:40:22.516Z [Modules] Streaming discord_voice@2 to /home/sohighman/.config/discord/0.0.76/modules/pending/discord_voice-2.zip: 50%
2024-12-08T04:40:22.558Z [Modules] Streaming discord_voice@2 to /home/sohighman/.config/discord/0.0.76/modules/pending/discord_voice-2.zip: 51%
2024-12-08T04:40:22.599Z [Modules] Streaming discord_voice@2 to /home/sohighman/.config/discord/0.0.76/modules/pending/discord_voice-2.zip: 52%
2024-12-08T04:40:22.643Z [Modules] Streaming discord_voice@2 to /home/sohighman/.config/discord/0.0.76/modules/pending/discord_voice-2.zip: 53%
2024-12-08T04:40:22.677Z [Modules] Streaming discord_voice@2 to /home/sohighman/.config/discord/0.0.76/modules/pending/discord_voice-2.zip: 54%
2024-12-08T04:40:22.712Z [Modules] Streaming discord_voice@2 to /home/sohighman/.config/discord/0.0.76/modules/pending/discord_voice-2.zip: 55%
2024-12-08T04:40:22.745Z [Modules] Streaming discord_voice@2 to /home/sohighman/.config/discord/0.0.76/modules/pending/discord_voice-2.zip: 56%
2024-12-08T04:40:22.780Z [Modules] Streaming discord_voice@2 to /home/sohighman/.config/discord/0.0.76/modules/pending/discord_voice-2.zip: 57%
2024-12-08T04:40:22.834Z [Modules] Streaming discord_voice@2 to /home/sohighman/.config/discord/0.0.76/modules/pending/discord_voice-2.zip: 58%
2024-12-08T04:40:22.866Z [Modules] Streaming discord_voice@2 to /home/sohighman/.config/discord/0.0.76/modules/pending/discord_voice-2.zip: 59%
2024-12-08T04:40:22.899Z [Modules] Streaming discord_voice@2 to /home/sohighman/.config/discord/0.0.76/modules/pending/discord_voice-2.zip: 60%
2024-12-08T04:40:22.936Z [Modules] Streaming discord_voice@2 to /home/sohighman/.config/discord/0.0.76/modules/pending/discord_voice-2.zip: 61%
2024-12-08T04:40:22.975Z [Modules] Streaming discord_voice@2 to /home/sohighman/.config/discord/0.0.76/modules/pending/discord_voice-2.zip: 62%
2024-12-08T04:40:23.019Z [Modules] Streaming discord_voice@2 to /home/sohighman/.config/discord/0.0.76/modules/pending/discord_voice-2.zip: 63%
2024-12-08T04:40:23.059Z [Modules] Streaming discord_voice@2 to /home/sohighman/.config/discord/0.0.76/modules/pending/discord_voice-2.zip: 64%
2024-12-08T04:40:23.098Z [Modules] Streaming discord_voice@2 to /home/sohighman/.config/discord/0.0.76/modules/pending/discord_voice-2.zip: 65%
2024-12-08T04:40:23.151Z [Modules] Streaming discord_voice@2 to /home/sohighman/.config/discord/0.0.76/modules/pending/discord_voice-2.zip: 66%
2024-12-08T04:40:23.185Z [Modules] Streaming discord_voice@2 to /home/sohighman/.config/discord/0.0.76/modules/pending/discord_voice-2.zip: 67%
2024-12-08T04:40:23.217Z [Modules] Streaming discord_voice@2 to /home/sohighman/.config/discord/0.0.76/modules/pending/discord_voice-2.zip: 68%
2024-12-08T04:40:23.265Z [Modules] Streaming discord_voice@2 to /home/sohighman/.config/discord/0.0.76/modules/pending/discord_voice-2.zip: 69%
2024-12-08T04:40:23.299Z [Modules] Streaming discord_voice@2 to /home/sohighman/.config/discord/0.0.76/modules/pending/discord_voice-2.zip: 70%
2024-12-08T04:40:23.330Z [Modules] Streaming discord_voice@2 to /home/sohighman/.config/discord/0.0.76/modules/pending/discord_voice-2.zip: 71%
2024-12-08T04:40:23.371Z [Modules] Streaming discord_voice@2 to /home/sohighman/.config/discord/0.0.76/modules/pending/discord_voice-2.zip: 72%
2024-12-08T04:40:23.405Z [Modules] Streaming discord_voice@2 to /home/sohighman/.config/discord/0.0.76/modules/pending/discord_voice-2.zip: 73%
2024-12-08T04:40:23.439Z [Modules] Streaming discord_voice@2 to /home/sohighman/.config/discord/0.0.76/modules/pending/discord_voice-2.zip: 74%
2024-12-08T04:40:23.476Z [Modules] Streaming discord_voice@2 to /home/sohighman/.config/discord/0.0.76/modules/pending/discord_voice-2.zip: 75%
2024-12-08T04:40:23.518Z [Modules] Streaming discord_voice@2 to /home/sohighman/.config/discord/0.0.76/modules/pending/discord_voice-2.zip: 76%
2024-12-08T04:40:23.573Z [Modules] Streaming discord_voice@2 to /home/sohighman/.config/discord/0.0.76/modules/pending/discord_voice-2.zip: 77%
2024-12-08T04:40:23.608Z [Modules] Streaming discord_voice@2 to /home/sohighman/.config/discord/0.0.76/modules/pending/discord_voice-2.zip: 78%
2024-12-08T04:40:23.644Z [Modules] Streaming discord_voice@2 to /home/sohighman/.config/discord/0.0.76/modules/pending/discord_voice-2.zip: 79%
2024-12-08T04:40:23.691Z [Modules] Streaming discord_voice@2 to /home/sohighman/.config/discord/0.0.76/modules/pending/discord_voice-2.zip: 80%
2024-12-08T04:40:23.725Z [Modules] Streaming discord_voice@2 to /home/sohighman/.config/discord/0.0.76/modules/pending/discord_voice-2.zip: 81%
2024-12-08T04:40:23.762Z [Modules] Streaming discord_voice@2 to /home/sohighman/.config/discord/0.0.76/modules/pending/discord_voice-2.zip: 82%
2024-12-08T04:40:23.800Z [Modules] Streaming discord_voice@2 to /home/sohighman/.config/discord/0.0.76/modules/pending/discord_voice-2.zip: 83%
2024-12-08T04:40:23.835Z [Modules] Streaming discord_voice@2 to /home/sohighman/.config/discord/0.0.76/modules/pending/discord_voice-2.zip: 84%
2024-12-08T04:40:23.880Z [Modules] Streaming discord_voice@2 to /home/sohighman/.config/discord/0.0.76/modules/pending/discord_voice-2.zip: 85%
2024-12-08T04:40:23.928Z [Modules] Streaming discord_voice@2 to /home/sohighman/.config/discord/0.0.76/modules/pending/discord_voice-2.zip: 86%
2024-12-08T04:40:23.967Z [Modules] Streaming discord_voice@2 to /home/sohighman/.config/discord/0.0.76/modules/pending/discord_voice-2.zip: 87%
2024-12-08T04:40:24.002Z [Modules] Streaming discord_voice@2 to /home/sohighman/.config/discord/0.0.76/modules/pending/discord_voice-2.zip: 88%
2024-12-08T04:40:24.035Z [Modules] Streaming discord_voice@2 to /home/sohighman/.config/discord/0.0.76/modules/pending/discord_voice-2.zip: 89%
2024-12-08T04:40:24.073Z [Modules] Streaming discord_voice@2 to /home/sohighman/.config/discord/0.0.76/modules/pending/discord_voice-2.zip: 90%
2024-12-08T04:40:24.111Z [Modules] Streaming discord_voice@2 to /home/sohighman/.config/discord/0.0.76/modules/pending/discord_voice-2.zip: 91%
2024-12-08T04:40:24.153Z [Modules] Streaming discord_voice@2 to /home/sohighman/.config/discord/0.0.76/modules/pending/discord_voice-2.zip: 92%
2024-12-08T04:40:24.189Z [Modules] Streaming discord_voice@2 to /home/sohighman/.config/discord/0.0.76/modules/pending/discord_voice-2.zip: 93%
2024-12-08T04:40:24.223Z [Modules] Streaming discord_voice@2 to /home/sohighman/.config/discord/0.0.76/modules/pending/discord_voice-2.zip: 94%
2024-12-08T04:40:24.280Z [Modules] Streaming discord_voice@2 to /home/sohighman/.config/discord/0.0.76/modules/pending/discord_voice-2.zip: 95%
2024-12-08T04:40:24.318Z [Modules] Streaming discord_voice@2 to /home/sohighman/.config/discord/0.0.76/modules/pending/discord_voice-2.zip: 96%
2024-12-08T04:40:24.354Z [Modules] Streaming discord_voice@2 to /home/sohighman/.config/discord/0.0.76/modules/pending/discord_voice-2.zip: 97%
2024-12-08T04:40:24.395Z [Modules] Streaming discord_voice@2 to /home/sohighman/.config/discord/0.0.76/modules/pending/discord_voice-2.zip: 98%
2024-12-08T04:40:24.437Z [Modules] Streaming discord_voice@2 to /home/sohighman/.config/discord/0.0.76/modules/pending/discord_voice-2.zip: 99%
2024-12-08T04:40:24.478Z [Modules] Streaming discord_voice@2 to /home/sohighman/.config/discord/0.0.76/modules/pending/discord_voice-2.zip: 100%
2024-12-08T04:40:24.479Z [Modules] Fetching discord_zstd@1 from https://discord.com/api/modules/stable/discord_zstd/1
2024-12-08T04:40:24.479Z [Modules] Streaming discord_zstd@1 to /home/sohighman/.config/discord/0.0.76/modules/pending/discord_zstd-1.zip
2024-12-08T04:40:24.854Z [Modules] Streaming discord_zstd@1 to /home/sohighman/.config/discord/0.0.76/modules/pending/discord_zstd-1.zip: 2%
2024-12-08T04:40:24.860Z [Modules] Streaming discord_zstd@1 to /home/sohighman/.config/discord/0.0.76/modules/pending/discord_zstd-1.zip: 8%
2024-12-08T04:40:24.861Z [Modules] Streaming discord_zstd@1 to /home/sohighman/.config/discord/0.0.76/modules/pending/discord_zstd-1.zip: 12%
2024-12-08T04:40:24.865Z [Modules] Streaming discord_zstd@1 to /home/sohighman/.config/discord/0.0.76/modules/pending/discord_zstd-1.zip: 19%
2024-12-08T04:40:24.868Z [Modules] Streaming discord_zstd@1 to /home/sohighman/.config/discord/0.0.76/modules/pending/discord_zstd-1.zip: 20%
2024-12-08T04:40:24.872Z [Modules] Streaming discord_zstd@1 to /home/sohighman/.config/discord/0.0.76/modules/pending/discord_zstd-1.zip: 31%
2024-12-08T04:40:24.873Z [Modules] Streaming discord_zstd@1 to /home/sohighman/.config/discord/0.0.76/modules/pending/discord_zstd-1.zip: 33%
2024-12-08T04:40:24.878Z [Modules] Streaming discord_zstd@1 to /home/sohighman/.config/discord/0.0.76/modules/pending/discord_zstd-1.zip: 39%
2024-12-08T04:40:24.882Z [Modules] Streaming discord_zstd@1 to /home/sohighman/.config/discord/0.0.76/modules/pending/discord_zstd-1.zip: 46%
2024-12-08T04:40:24.885Z [Modules] Streaming discord_zstd@1 to /home/sohighman/.config/discord/0.0.76/modules/pending/discord_zstd-1.zip: 52%
2024-12-08T04:40:24.889Z [Modules] Streaming discord_zstd@1 to /home/sohighman/.config/discord/0.0.76/modules/pending/discord_zstd-1.zip: 59%
2024-12-08T04:40:24.892Z [Modules] Streaming discord_zstd@1 to /home/sohighman/.config/discord/0.0.76/modules/pending/discord_zstd-1.zip: 65%
2024-12-08T04:40:24.896Z [Modules] Streaming discord_zstd@1 to /home/sohighman/.config/discord/0.0.76/modules/pending/discord_zstd-1.zip: 72%
2024-12-08T04:40:24.899Z [Modules] Streaming discord_zstd@1 to /home/sohighman/.config/discord/0.0.76/modules/pending/discord_zstd-1.zip: 78%
2024-12-08T04:40:24.903Z [Modules] Streaming discord_zstd@1 to /home/sohighman/.config/discord/0.0.76/modules/pending/discord_zstd-1.zip: 85%
2024-12-08T04:40:24.906Z [Modules] Streaming discord_zstd@1 to /home/sohighman/.config/discord/0.0.76/modules/pending/discord_zstd-1.zip: 91%
2024-12-08T04:40:24.908Z [Modules] Streaming discord_zstd@1 to /home/sohighman/.config/discord/0.0.76/modules/pending/discord_zstd-1.zip: 95%
2024-12-08T04:40:24.914Z [Modules] Streaming discord_zstd@1 to /home/sohighman/.config/discord/0.0.76/modules/pending/discord_zstd-1.zip: 100%
2024-12-08T04:40:24.916Z [Modules] Finished module downloads. [success: 6] [failure: 0]
2024-12-08T04:40:24.916Z [Modules] Installing updates...
2024-12-08T04:40:24.916Z [Modules] Installing discord_desktop_core@1 from /home/sohighman/.config/discord/0.0.76/modules/pending/discord_desktop_core-1.zip
2024-12-08T04:40:25.043Z [Modules] Installing discord_erlpack@1 from /home/sohighman/.config/discord/0.0.76/modules/pending/discord_erlpack-1.zip
2024-12-08T04:40:25.149Z [Modules] Installing discord_spellcheck@1 from /home/sohighman/.config/discord/0.0.76/modules/pending/discord_spellcheck-1.zip
2024-12-08T04:40:26.304Z [Modules] Installing discord_utils@1 from /home/sohighman/.config/discord/0.0.76/modules/pending/discord_utils-1.zip
2024-12-08T04:40:26.534Z [Modules] Installing discord_voice@2 from /home/sohighman/.config/discord/0.0.76/modules/pending/discord_voice-2.zip
2024-12-08T04:40:27.473Z [Modules] Installing discord_zstd@1 from /home/sohighman/.config/discord/0.0.76/modules/pending/discord_zstd-1.zip
2024-12-08T04:40:27.498Z [Modules] Finished module installations. [success: 6] [failure: 0]
2024-12-08T04:40:27.499Z [Modules] Checking for host updates.
2024-12-08T04:40:27.762Z [Modules] Host is up to date.
2024-12-08T04:40:27.763Z [Modules] Checking for module updates at https://discord.com/api/modules/stable/versions.json
2024-12-08T04:40:27.767Z [Modules] No module updates available.
2024-12-08T04:40:29.921Z [Modules] Starting to install discord_krisp...
2024-12-08T04:40:29.922Z [Modules] Fetching discord_krisp@1 from https://discord.com/api/modules/stable/discord_krisp/1
2024-12-08T04:40:29.922Z [Modules] Streaming discord_krisp@1 to /home/sohighman/.config/discord/0.0.76/modules/pending/discord_krisp-1.zip
2024-12-08T04:40:29.945Z [Modules] Starting to install discord_game_utils...
2024-12-08T04:40:30.161Z [Modules] Streaming discord_krisp@1 to /home/sohighman/.config/discord/0.0.76/modules/pending/discord_krisp-1.zip: 1%
2024-12-08T04:40:30.211Z [Modules] Streaming discord_krisp@1 to /home/sohighman/.config/discord/0.0.76/modules/pending/discord_krisp-1.zip: 2%
2024-12-08T04:40:30.255Z [Modules] Streaming discord_krisp@1 to /home/sohighman/.config/discord/0.0.76/modules/pending/discord_krisp-1.zip: 3%
2024-12-08T04:40:30.310Z [Modules] Streaming discord_krisp@1 to /home/sohighman/.config/discord/0.0.76/modules/pending/discord_krisp-1.zip: 4%
2024-12-08T04:40:30.350Z [Modules] Streaming discord_krisp@1 to /home/sohighman/.config/discord/0.0.76/modules/pending/discord_krisp-1.zip: 5%
2024-12-08T04:40:30.388Z [Modules] Streaming discord_krisp@1 to /home/sohighman/.config/discord/0.0.76/modules/pending/discord_krisp-1.zip: 6%
2024-12-08T04:40:30.437Z [Modules] Streaming discord_krisp@1 to /home/sohighman/.config/discord/0.0.76/modules/pending/discord_krisp-1.zip: 7%
2024-12-08T04:40:30.486Z [Modules] Streaming discord_krisp@1 to /home/sohighman/.config/discord/0.0.76/modules/pending/discord_krisp-1.zip: 8%
2024-12-08T04:40:30.527Z [Modules] Streaming discord_krisp@1 to /home/sohighman/.config/discord/0.0.76/modules/pending/discord_krisp-1.zip: 9%
2024-12-08T04:40:30.590Z [Modules] Streaming discord_krisp@1 to /home/sohighman/.config/discord/0.0.76/modules/pending/discord_krisp-1.zip: 10%
2024-12-08T04:40:30.625Z [Modules] Streaming discord_krisp@1 to /home/sohighman/.config/discord/0.0.76/modules/pending/discord_krisp-1.zip: 11%
2024-12-08T04:40:30.679Z [Modules] Streaming discord_krisp@1 to /home/sohighman/.config/discord/0.0.76/modules/pending/discord_krisp-1.zip: 12%
2024-12-08T04:40:30.734Z [Modules] Streaming discord_krisp@1 to /home/sohighman/.config/discord/0.0.76/modules/pending/discord_krisp-1.zip: 13%
2024-12-08T04:40:30.927Z [Modules] Streaming discord_krisp@1 to /home/sohighman/.config/discord/0.0.76/modules/pending/discord_krisp-1.zip: 14%
2024-12-08T04:40:30.998Z [Modules] Streaming discord_krisp@1 to /home/sohighman/.config/discord/0.0.76/modules/pending/discord_krisp-1.zip: 15%
2024-12-08T04:40:31.007Z [Modules] Streaming discord_krisp@1 to /home/sohighman/.config/discord/0.0.76/modules/pending/discord_krisp-1.zip: 16%
2024-12-08T04:40:31.009Z [Modules] Streaming discord_krisp@1 to /home/sohighman/.config/discord/0.0.76/modules/pending/discord_krisp-1.zip: 17%
2024-12-08T04:40:31.038Z [Modules] Streaming discord_krisp@1 to /home/sohighman/.config/discord/0.0.76/modules/pending/discord_krisp-1.zip: 18%
2024-12-08T04:40:31.103Z [Modules] Streaming discord_krisp@1 to /home/sohighman/.config/discord/0.0.76/modules/pending/discord_krisp-1.zip: 19%
2024-12-08T04:40:31.142Z [Modules] Streaming discord_krisp@1 to /home/sohighman/.config/discord/0.0.76/modules/pending/discord_krisp-1.zip: 20%
2024-12-08T04:40:31.204Z [Modules] Streaming discord_krisp@1 to /home/sohighman/.config/discord/0.0.76/modules/pending/discord_krisp-1.zip: 21%
2024-12-08T04:40:31.283Z [Modules] Streaming discord_krisp@1 to /home/sohighman/.config/discord/0.0.76/modules/pending/discord_krisp-1.zip: 22%
2024-12-08T04:40:31.321Z [Modules] Streaming discord_krisp@1 to /home/sohighman/.config/discord/0.0.76/modules/pending/discord_krisp-1.zip: 23%
2024-12-08T04:40:31.361Z [Modules] Streaming discord_krisp@1 to /home/sohighman/.config/discord/0.0.76/modules/pending/discord_krisp-1.zip: 24%
2024-12-08T04:40:31.423Z [Modules] Streaming discord_krisp@1 to /home/sohighman/.config/discord/0.0.76/modules/pending/discord_krisp-1.zip: 25%
2024-12-08T04:40:31.460Z [Modules] Streaming discord_krisp@1 to /home/sohighman/.config/discord/0.0.76/modules/pending/discord_krisp-1.zip: 26%
2024-12-08T04:40:31.511Z [Modules] Streaming discord_krisp@1 to /home/sohighman/.config/discord/0.0.76/modules/pending/discord_krisp-1.zip: 27%
2024-12-08T04:40:31.584Z [Modules] Streaming discord_krisp@1 to /home/sohighman/.config/discord/0.0.76/modules/pending/discord_krisp-1.zip: 28%
2024-12-08T04:40:31.615Z [Modules] Streaming discord_krisp@1 to /home/sohighman/.config/discord/0.0.76/modules/pending/discord_krisp-1.zip: 29%
2024-12-08T04:40:31.654Z [Modules] Streaming discord_krisp@1 to /home/sohighman/.config/discord/0.0.76/modules/pending/discord_krisp-1.zip: 30%
2024-12-08T04:40:31.704Z [Modules] Streaming discord_krisp@1 to /home/sohighman/.config/discord/0.0.76/modules/pending/discord_krisp-1.zip: 31%
2024-12-08T04:40:31.747Z [Modules] Streaming discord_krisp@1 to /home/sohighman/.config/discord/0.0.76/modules/pending/discord_krisp-1.zip: 32%
2024-12-08T04:40:31.817Z [Modules] Streaming discord_krisp@1 to /home/sohighman/.config/discord/0.0.76/modules/pending/discord_krisp-1.zip: 33%
2024-12-08T04:40:31.885Z [Modules] Streaming discord_krisp@1 to /home/sohighman/.config/discord/0.0.76/modules/pending/discord_krisp-1.zip: 34%
2024-12-08T04:40:31.959Z [Modules] Streaming discord_krisp@1 to /home/sohighman/.config/discord/0.0.76/modules/pending/discord_krisp-1.zip: 35%
2024-12-08T04:40:32.000Z [Modules] Streaming discord_krisp@1 to /home/sohighman/.config/discord/0.0.76/modules/pending/discord_krisp-1.zip: 36%
2024-12-08T04:40:32.038Z [Modules] Streaming discord_krisp@1 to /home/sohighman/.config/discord/0.0.76/modules/pending/discord_krisp-1.zip: 37%
2024-12-08T04:40:32.081Z [Modules] Streaming discord_krisp@1 to /home/sohighman/.config/discord/0.0.76/modules/pending/discord_krisp-1.zip: 38%
2024-12-08T04:40:32.123Z [Modules] Streaming discord_krisp@1 to /home/sohighman/.config/discord/0.0.76/modules/pending/discord_krisp-1.zip: 39%
2024-12-08T04:40:32.171Z [Modules] Streaming discord_krisp@1 to /home/sohighman/.config/discord/0.0.76/modules/pending/discord_krisp-1.zip: 40%
2024-12-08T04:40:32.209Z [Modules] Streaming discord_krisp@1 to /home/sohighman/.config/discord/0.0.76/modules/pending/discord_krisp-1.zip: 41%
2024-12-08T04:40:32.284Z [Modules] Streaming discord_krisp@1 to /home/sohighman/.config/discord/0.0.76/modules/pending/discord_krisp-1.zip: 42%
2024-12-08T04:40:32.332Z [Modules] Streaming discord_krisp@1 to /home/sohighman/.config/discord/0.0.76/modules/pending/discord_krisp-1.zip: 43%
2024-12-08T04:40:32.401Z [Modules] Streaming discord_krisp@1 to /home/sohighman/.config/discord/0.0.76/modules/pending/discord_krisp-1.zip: 44%
2024-12-08T04:40:32.440Z [Modules] Streaming discord_krisp@1 to /home/sohighman/.config/discord/0.0.76/modules/pending/discord_krisp-1.zip: 45%
2024-12-08T04:40:32.492Z [Modules] Streaming discord_krisp@1 to /home/sohighman/.config/discord/0.0.76/modules/pending/discord_krisp-1.zip: 46%
2024-12-08T04:40:32.526Z [Modules] Streaming discord_krisp@1 to /home/sohighman/.config/discord/0.0.76/modules/pending/discord_krisp-1.zip: 47%
2024-12-08T04:40:32.567Z [Modules] Streaming discord_krisp@1 to /home/sohighman/.config/discord/0.0.76/modules/pending/discord_krisp-1.zip: 48%
2024-12-08T04:40:32.604Z [Modules] Streaming discord_krisp@1 to /home/sohighman/.config/discord/0.0.76/modules/pending/discord_krisp-1.zip: 49%
2024-12-08T04:40:32.652Z [Modules] Streaming discord_krisp@1 to /home/sohighman/.config/discord/0.0.76/modules/pending/discord_krisp-1.zip: 50%
