2024-07-01T06:47:42.220Z 0: 

----------------------------------------------
2024-07-01T06:47:42.229Z 1: Discord starting: {"releaseChannel":"stable","version":"0.0.58"}, modulepath: /home/sohighman/.config/discord/0.0.58/modules
2024-07-01T06:47:42.230Z 2: ✅ webContents.created web1 ""
2024-07-01T06:47:42.231Z 3: ✅ window.created win1 "discord"
2024-07-01T06:47:42.363Z 4: ✅ webContents.did-finish-load web1
2024-07-01T06:47:58.240Z 5: ✅ webContents.created web2 ""
2024-07-01T06:47:58.242Z 6: ✅ window.created win2 "Discord"
2024-07-01T06:47:59.385Z 7: ✅ webContents.did-finish-load web2
2024-07-01T06:47:59.481Z 8: window.close win1
2024-07-01T06:47:59.560Z 9: webContents.destroyed web1
2024-07-01T06:47:59.561Z 10: window.closed win1
2024-07-01T06:48:29.052Z 11: window.close win2
2024-07-01T06:52:10.967Z 0: 

----------------------------------------------
2024-07-01T06:55:49.732Z 12: window.close win2
2024-07-01T06:55:52.812Z 13: before-quit
2024-07-01T06:55:52.815Z 14: window.close win2
2024-07-01T06:55:52.913Z 15: webContents.destroyed web2
2024-07-01T06:56:05.563Z 0: 

----------------------------------------------
2024-07-01T06:56:05.583Z 1: Discord starting: {"releaseChannel":"stable","version":"0.0.58"}, modulepath: /home/sohighman/.config/discord/0.0.58/modules
2024-07-01T06:56:05.598Z 2: ✅ webContents.created web1 ""
2024-07-01T06:56:05.600Z 3: ✅ window.created win1 "discord"
2024-07-01T06:56:05.797Z 4: ✅ webContents.did-finish-load web1
2024-07-01T06:56:11.077Z 5: ✅ webContents.created web2 ""
2024-07-01T06:56:11.081Z 6: ✅ window.created win2 "Discord"
2024-07-01T06:56:13.457Z 7: ✅ webContents.did-finish-load web2
2024-07-01T06:56:13.578Z 8: window.close win1
2024-07-01T06:56:13.596Z 9: webContents.destroyed web1
2024-07-01T06:56:13.599Z 10: window.closed win1
2024-07-01T06:56:15.384Z 11: ✅ webContents.did-finish-load web2
2024-07-01T06:58:57.865Z 12: before-quit
2024-07-01T06:58:57.898Z 13: window.close win2
2024-07-01T06:59:05.054Z 0: 

----------------------------------------------
2024-07-01T06:59:05.068Z 1: Discord starting: {"releaseChannel":"stable","version":"0.0.58"}, modulepath: /home/sohighman/.config/discord/0.0.58/modules
2024-07-01T06:59:05.083Z 2: ✅ webContents.created web1 ""
2024-07-01T06:59:05.085Z 3: ✅ window.created win1 "discord"
2024-07-01T06:59:05.293Z 4: ✅ webContents.did-finish-load web1
2024-07-01T06:59:05.538Z 5: ✅ webContents.created web2 ""
2024-07-01T06:59:05.542Z 6: ✅ window.created win2 "Discord"
2024-07-01T06:59:07.135Z 7: ✅ webContents.did-finish-load web2
2024-07-01T06:59:07.236Z 8: window.close win1
2024-07-01T06:59:07.242Z 9: webContents.destroyed web1
2024-07-01T06:59:07.244Z 10: window.closed win1
2024-07-01T06:59:46.938Z 11: before-quit
2024-07-01T06:59:46.952Z 12: window.close win2
2024-07-01T07:01:43.884Z 0: 

----------------------------------------------
2024-07-01T07:01:43.891Z 1: Discord starting: {"releaseChannel":"stable","version":"0.0.58"}, modulepath: /home/sohighman/.config/discord/0.0.58/modules
2024-07-01T07:01:43.901Z 2: ✅ webContents.created web1 ""
2024-07-01T07:01:43.902Z 3: ✅ window.created win1 "discord"
2024-07-01T07:01:44.032Z 4: ✅ webContents.did-finish-load web1
2024-07-01T07:01:49.271Z 5: ✅ webContents.created web2 ""
2024-07-01T07:01:49.276Z 6: ✅ window.created win2 "Discord"
2024-07-01T07:01:50.571Z 7: ✅ webContents.did-finish-load web2
2024-07-01T07:01:50.672Z 8: window.close win1
2024-07-01T07:01:50.695Z 9: webContents.destroyed web1
2024-07-01T07:01:50.696Z 10: window.closed win1
2024-07-01T07:03:05.897Z 11: window.closed win2
2024-07-01T07:03:05.902Z 12: quit 0
2024-07-01T07:03:11.022Z 0: 

----------------------------------------------
2024-07-01T07:03:11.028Z 1: Discord starting: {"releaseChannel":"stable","version":"0.0.58"}, modulepath: /home/sohighman/.config/discord/0.0.58/modules
2024-07-01T07:03:11.036Z 2: ✅ webContents.created web1 ""
2024-07-01T07:03:11.036Z 3: ✅ window.created win1 "discord"
2024-07-01T07:03:11.137Z 4: ✅ webContents.did-finish-load web1
2024-07-01T07:03:16.425Z 5: ✅ webContents.created web2 ""
2024-07-01T07:03:16.429Z 6: ✅ window.created win2 "Discord"
2024-07-01T07:03:17.673Z 7: ✅ webContents.did-finish-load web2
2024-07-01T07:03:17.774Z 8: window.close win1
2024-07-01T07:03:17.779Z 9: webContents.destroyed web1
2024-07-01T07:03:17.780Z 10: window.closed win1
2024-07-01T07:03:38.937Z 11: window.close win2
2024-07-01T07:43:51.041Z 0: 

----------------------------------------------
2024-07-01T07:43:51.048Z 1: Discord starting: {"releaseChannel":"stable","version":"0.0.58"}, modulepath: /home/sohighman/.config/discord/0.0.58/modules
2024-07-01T07:43:51.057Z 2: ✅ webContents.created web1 ""
2024-07-01T07:43:51.058Z 3: ✅ window.created win1 "discord"
2024-07-01T07:43:51.157Z 4: ✅ webContents.did-finish-load web1
2024-07-01T07:43:56.446Z 5: ✅ webContents.created web2 ""
2024-07-01T07:43:56.449Z 6: ✅ window.created win2 "Discord"
2024-07-01T07:43:57.739Z 7: ✅ webContents.did-finish-load web2
2024-07-01T07:43:57.837Z 8: window.close win1
2024-07-01T07:43:57.842Z 9: webContents.destroyed web1
2024-07-01T07:43:57.843Z 10: window.closed win1
2024-07-01T07:44:11.830Z 11: before-quit
2024-07-01T07:44:11.833Z 12: window.close win2
2024-07-01T07:44:11.839Z 13: webContents.destroyed web2
2024-07-01T07:44:11.842Z 14: window.closed win2
2024-07-04T08:04:42.644Z 0: 

----------------------------------------------
2024-07-04T08:04:42.660Z 1: Discord starting: {"releaseChannel":"stable","version":"0.0.58"}, modulepath: /home/sohighman/.config/discord/0.0.58/modules
2024-07-04T08:04:42.679Z 2: ✅ webContents.created web1 ""
2024-07-04T08:04:42.680Z 3: ✅ window.created win1 "discord"
2024-07-04T08:04:42.909Z 4: ✅ webContents.did-finish-load web1
2024-07-04T08:04:48.380Z 5: ✅ webContents.created web2 ""
2024-07-04T08:04:48.384Z 6: ✅ window.created win2 "Discord"
2024-07-04T08:04:52.849Z 7: ✅ webContents.did-finish-load web2
2024-07-04T08:04:52.948Z 8: window.close win1
2024-07-04T08:04:52.954Z 9: webContents.destroyed web1
2024-07-04T08:04:52.956Z 10: window.closed win1
2024-07-04T08:09:30.787Z 11: window.close win2
2024-07-04T08:10:39.919Z 12: before-quit
2024-07-04T08:10:39.923Z 13: window.close win2
2024-07-04T08:10:39.930Z 14: webContents.destroyed web2
2024-07-04T08:10:39.936Z 15: window.closed win2
2024-07-05T23:52:31.271Z 0: 

----------------------------------------------
2024-07-05T23:52:31.286Z 1: Discord starting: {"releaseChannel":"stable","version":"0.0.58"}, modulepath: /home/sohighman/.config/discord/0.0.58/modules
2024-07-05T23:52:31.306Z 2: ✅ webContents.created web1 ""
2024-07-05T23:52:31.307Z 3: ✅ window.created win1 "discord"
2024-07-05T23:52:31.525Z 4: ✅ webContents.did-finish-load web1
2024-07-05T23:52:37.190Z 5: ✅ webContents.created web2 ""
2024-07-05T23:52:37.195Z 6: ✅ window.created win2 "Discord"
2024-07-05T23:52:41.276Z 7: ✅ webContents.did-finish-load web2
2024-07-05T23:52:41.376Z 8: window.close win1
2024-07-05T23:52:41.385Z 9: webContents.destroyed web1
2024-07-05T23:52:41.387Z 10: window.closed win1
2024-07-05T23:53:17.791Z 11: window.close win2
2024-07-05T23:53:18.744Z 12: before-quit
2024-07-05T23:53:18.747Z 13: window.close win2
2024-07-05T23:53:18.758Z 14: webContents.destroyed web2
2024-07-05T23:53:18.764Z 15: window.closed win2
2024-07-06T00:05:51.571Z 0: 

----------------------------------------------
2024-07-06T00:05:51.591Z 1: Discord starting: {"releaseChannel":"stable","version":"0.0.58"}, modulepath: /home/sohighman/.config/discord/0.0.58/modules
2024-07-06T00:05:51.612Z 2: ✅ webContents.created web1 ""
2024-07-06T00:05:51.614Z 3: ✅ window.created win1 "discord"
2024-07-06T00:05:51.828Z 4: ✅ webContents.did-finish-load web1
2024-07-06T00:05:57.420Z 5: ✅ webContents.created web2 ""
2024-07-06T00:05:57.426Z 6: ✅ window.created win2 "Discord"
2024-07-06T00:06:00.667Z 7: ✅ webContents.did-finish-load web2
2024-07-06T00:06:00.770Z 8: window.close win1
2024-07-06T00:06:00.778Z 9: webContents.destroyed web1
2024-07-06T00:06:00.780Z 10: window.closed win1
2024-07-06T00:06:12.362Z 11: window.close win2
2024-07-06T00:10:26.041Z 12: before-quit
2024-07-06T00:10:26.045Z 13: window.close win2
2024-07-06T00:10:54.539Z 0: 

----------------------------------------------
2024-07-06T00:10:54.554Z 1: Discord starting: {"releaseChannel":"stable","version":"0.0.58"}, modulepath: /home/sohighman/.config/discord/0.0.58/modules
2024-07-06T00:10:54.572Z 2: ✅ webContents.created web1 ""
2024-07-06T00:10:54.574Z 3: ✅ window.created win1 "discord"
2024-07-06T00:10:54.798Z 4: ✅ webContents.did-finish-load web1
2024-07-06T00:10:55.490Z 5: ✅ webContents.created web2 ""
2024-07-06T00:10:55.497Z 6: ✅ window.created win2 "Discord"
2024-07-06T00:10:58.653Z 7: ✅ webContents.did-finish-load web2
2024-07-06T00:10:58.750Z 8: window.close win1
2024-07-06T00:10:58.757Z 9: webContents.destroyed web1
2024-07-06T00:10:58.760Z 10: window.closed win1
2024-07-06T00:11:21.997Z 11: window.close win2
2024-07-06T00:15:00.057Z 12: before-quit
2024-07-06T00:52:57.690Z 0: 

----------------------------------------------
2024-07-06T00:52:57.706Z 1: Discord starting: {"releaseChannel":"stable","version":"0.0.58"}, modulepath: /home/sohighman/.config/discord/0.0.58/modules
2024-07-06T00:52:57.726Z 2: ✅ webContents.created web1 ""
2024-07-06T00:52:57.728Z 3: ✅ window.created win1 "discord"
2024-07-06T00:52:57.958Z 4: ✅ webContents.did-finish-load web1
2024-07-06T00:53:03.370Z 5: ✅ webContents.created web2 ""
2024-07-06T00:53:03.374Z 6: ✅ window.created win2 "Discord"
2024-07-06T00:53:06.407Z 7: ✅ webContents.did-finish-load web2
2024-07-06T00:53:06.508Z 8: window.close win1
2024-07-06T00:53:06.515Z 9: webContents.destroyed web1
2024-07-06T00:53:06.517Z 10: window.closed win1
2024-07-06T00:53:21.105Z 11: window.close win2
2024-07-06T00:53:24.258Z 12: before-quit
