00:00:00.373127 VirtualBox GUI VM Selector Window 7.0.18 r162988 linux.amd64 (May  3 2024 17:47:02) release log
00:00:00.373130 Log opened 2024-07-06T00:44:48.820563000Z
00:00:00.373131 Build Type: release
00:00:00.373133 OS Product: Linux
00:00:00.373134 OS Release: 6.9.7-3-cachyos
00:00:00.373135 OS Version: #1 SMP PREEMPT_DYNAMIC Mon, 01 Jul 2024 18:44:07 +0000
00:00:00.373163 DMI Product Name: Redmi Book Pro 16 2024
00:00:00.373171 DMI Product Version: 
00:00:00.373178 Firmware type: UEFI
00:00:00.375273 Secure Boot: Disabled
00:00:00.375323 Host RAM: 31728MB (30.9GB) total, 29430MB (28.7GB) available
00:00:00.375328 Executable: /usr/lib/virtualbox/VirtualBox
00:00:00.375329 Process ID: 30222
00:00:00.375329 Package type: LINUX_64BITS_GENERIC (OSE)
00:00:00.375370 Qt version: 5.15.14
00:00:00.376609 GUI: UIMediumEnumerator: Initial medium-enumeration finished!
00:00:00.381485 GUI: UIMediumEnumerator: Medium-enumeration started...
00:00:00.381504 GUI: UIMediumEnumerator: Medium-enumeration finished!
00:00:00.982216 GUI: UIDesktopWidgetWatchdog::sltHandleHostScreenAvailableGeometryCalculated: Screen 0 work area is actually resized to: 368x80 x 800x800
00:00:07.461858 GUI: UICommon: Handling aboutToQuit request..
00:00:08.545684 GUI: UICommon: aboutToQuit request handled!
