00:00:00.000391 main     VirtualBox XPCOM Server 7.0.18 r162988 linux.amd64 (May  3 2024 17:47:02) release log
00:00:00.000396 main     Log opened 2024-07-06T00:44:48.639737000Z
00:00:00.000396 main     Build Type: release
00:00:00.000399 main     OS Product: Linux
00:00:00.000399 main     OS Release: 6.9.7-3-cachyos
00:00:00.000400 main     OS Version: #1 SMP PREEMPT_DYNAMIC Mon, 01 Jul 2024 18:44:07 +0000
00:00:00.000431 main     DMI Product Name: Redmi Book Pro 16 2024
00:00:00.000438 main     DMI Product Version: 
00:00:00.000445 main     Firmware type: UEFI
00:00:00.002342 main     Secure Boot: Disabled
00:00:00.002398 main     Host RAM: 31728MB (30.9GB) total, 29432MB (28.7GB) available
00:00:00.002402 main     Executable: /usr/lib/virtualbox/VBoxSVC
00:00:00.002403 main     Process ID: 30249
00:00:00.002404 main     Package type: LINUX_64BITS_GENERIC (OSE)
00:00:00.003727 main     IPC socket path: /tmp/.vbox-sohighman-ipc/ipcd
00:00:00.110065 nspr-2   VirtualBox: object creation starts
00:00:00.110262 nspr-2   Home directory: '/home/sohighman/.config/VirtualBox'
00:00:00.110663 nspr-2   Loading settings file "/home/sohighman/.config/VirtualBox/VirtualBox.xml" with version "1.12-linux"
00:00:00.129998 nspr-2   NetIfAdpCtlOut: VBoxNetAdpCtl: Error while retrieving link speed for wlan0: VBoxNetAdpCtl: ioctl failed: Operation not supported
00:00:00.131214 nspr-2   HostDnsMonitor: initializing
00:00:00.131533 nspr-2   NAT: resolv.conf: nameserver 192.168.1.254
00:00:00.131545 nspr-2   NAT: resolv.conf: nameserver 2806:1050:ffff:4::e
00:00:00.131550 nspr-2   NAT: resolv.conf: nameserver 2806:1040:ffff:4::e
00:00:00.131615 nspr-2   HostDnsMonitor: updating information
00:00:00.131634 nspr-2   HostDnsMonitor: old information
00:00:00.131637 nspr-2     no server entries
00:00:00.131640 nspr-2     no domain set
00:00:00.131643 nspr-2     no search string entries
00:00:00.131646 nspr-2   HostDnsMonitor: new information
00:00:00.131649 nspr-2     server 1: 192.168.1.254
00:00:00.131652 nspr-2     server 2: 2806:1050:ffff:4::e
00:00:00.131655 nspr-2     server 3: 2806:1040:ffff:4::e
00:00:00.131658 nspr-2     domain: domain_not_set.invalid
00:00:00.131661 nspr-2     search string 1: domain_not_set.invalid
00:00:00.134913 nspr-2   VD: VDInit finished with VINF_SUCCESS
00:00:00.135059 nspr-2   ERROR [COM]: aRC=NS_ERROR_FAILURE (0x80004005) aIID={aac6c7cb-a371-4c58-ab51-0616896b2f2c} aComponent={SystemPropertiesWrap} aText={Cannot determine default Guest Additions ISO location. Most likely they are not available}, preserve=false aResultDetail=0
00:00:00.135761 nspr-2   VirtualBox: object created
00:00:00.821693 nspr-3   WARNING [COM]: aRC=NS_ERROR_FAILURE (0x80004005) aIID={e54f6256-97a7-4947-8a78-10c013ddf4b8} aComponent={HostWrap} aText={VirtualBox is not currently allowed to access USB devices.  You can change this by adding your user to the 'vboxusers' group.  Please see the user manual for a more detailed explanation}, preserve=false aResultDetail=0
00:00:01.801011 nspr-4   Saving settings file "/home/sohighman/.config/VirtualBox/VirtualBox.xml" with version "1.12-linux"
00:00:01.805141 nspr-4   Finished saving settings file "/home/sohighman/.config/VirtualBox/VirtualBox.xml"
00:00:13.339299 main     VirtualBox: object deletion starts
00:00:13.339872 main     HostDnsMonitor: shutting down ...
00:00:13.346109 main     HostDnsMonitor: shut down
00:00:13.357529 Watcher  ERROR [COM]: aRC=E_ACCESSDENIED (0x80070005) aIID={7682d5eb-f00e-44f1-8ca2-99d08b1cd607} aComponent={VirtualBoxWrap} aText={The object is not ready}, preserve=false aResultDetail=0
00:00:13.357685 main     VirtualBox: object deleted
